#! /opt/homebrew/Cellar/icarus-verilog/11.0/bin/vvp
:ivl_version "11.0 (stable)";
:ivl_delay_selection "TYPICAL";
:vpi_time_precision - 12;
:vpi_module "/opt/homebrew/Cellar/icarus-verilog/11.0/lib/ivl/system.vpi";
:vpi_module "/opt/homebrew/Cellar/icarus-verilog/11.0/lib/ivl/vhdl_sys.vpi";
:vpi_module "/opt/homebrew/Cellar/icarus-verilog/11.0/lib/ivl/vhdl_textio.vpi";
:vpi_module "/opt/homebrew/Cellar/icarus-verilog/11.0/lib/ivl/v2005_math.vpi";
:vpi_module "/opt/homebrew/Cellar/icarus-verilog/11.0/lib/ivl/va_math.vpi";
S_0x12290fda0 .scope module, "testbench" "testbench" 2 20;
 .timescale -9 -12;
P_0x1229111e0 .param/l "NUM" 0 2 21, +C4<00000000000000000000000000001010>;
v0x12293f6e0_0 .var "A", 31 0;
v0x12293f770_0 .var "B", 31 0;
v0x12293f800_0 .var "FPVal", 95 0;
v0x12293f890_0 .var "clk", 0 0;
v0x12293f920_0 .var "correctOut", 31 0;
v0x12293f9f0_0 .var/i "errors", 31 0;
v0x12293faa0 .array "fp_InOut", 9 0, 95 0;
v0x12293fb40_0 .var/i "i", 31 0;
v0x12293fbf0_0 .net "out", 31 0, v0x12293ee10_0;  1 drivers
v0x12293fd20_0 .var "rst", 0 0;
S_0x12290ff10 .scope module, "DUT" "fpadd_single" 2 69, 3 17 0, S_0x12290fda0;
 .timescale -9 -12;
    .port_info 0 /INPUT 1 "clk";
    .port_info 1 /INPUT 1 "reset";
    .port_info 2 /INPUT 32 "reg_A";
    .port_info 3 /INPUT 32 "reg_B";
    .port_info 4 /OUTPUT 32 "out";
v0x12293e570_0 .var "A", 31 0;
v0x12293e630_0 .var "B", 31 0;
v0x12293e6d0_0 .net "clk", 0 0, v0x12293f890_0;  1 drivers
v0x12293e780_0 .var "exp", 7 0;
v0x12293e830_0 .var "exp_A", 7 0;
v0x12293e910_0 .var "exp_B", 7 0;
v0x12293e9c0_0 .var "mantissa_A", 24 0;
v0x12293ea70_0 .var "mantissa_B", 24 0;
v0x12293eb20_0 .var "mantissa_B_shifted", 24 0;
v0x12293ec30_0 .var "mantissa_temp", 24 0;
v0x12293ecf0_0 .net "normalized_exp", 7 0, v0x12293e2d0_0;  1 drivers
v0x12293ed80_0 .net "normalized_mantissa", 22 0, v0x12293e390_0;  1 drivers
v0x12293ee10_0 .var "out", 31 0;
v0x12293eeb0_0 .net "reg_A", 31 0, v0x12293f6e0_0;  1 drivers
v0x12293ef60_0 .net "reg_B", 31 0, v0x12293f770_0;  1 drivers
v0x12293f010_0 .net "reset", 0 0, v0x12293fd20_0;  1 drivers
v0x12293f0b0_0 .var "result", 31 0;
v0x12293f260_0 .var "sign_A", 0 0;
v0x12293f300_0 .var "sign_B", 0 0;
v0x12293f3a0_0 .var "temp_exp_A", 7 0;
v0x12293f450_0 .var "temp_exp_B", 7 0;
v0x12293f500_0 .var "temp_mantissa_A", 22 0;
v0x12293f5b0_0 .var "temp_mantissa_B", 22 0;
E_0x12290e8b0 .event edge, v0x12293e390_0, v0x12293e2d0_0;
E_0x122906170 .event edge, v0x12293e220_0, v0x12293e910_0, v0x12293e830_0;
E_0x12291cc50 .event edge, v0x12293eb20_0, v0x12293e9c0_0;
E_0x12292ed40 .event edge, v0x12293e910_0, v0x12293e830_0, v0x12293ea70_0;
E_0x12292ee40 .event edge, v0x12293e630_0, v0x12293e570_0;
E_0x1229219c0 .event posedge, v0x12293f010_0, v0x12293e6d0_0;
S_0x122905050 .scope module, "fp_normalizer" "fp_normalizer" 3 103, 4 1 0, S_0x12290ff10;
 .timescale -9 -12;
    .port_info 0 /INPUT 25 "mantissa_temp";
    .port_info 1 /INPUT 8 "exp";
    .port_info 2 /OUTPUT 23 "normalized_mantissa";
    .port_info 3 /OUTPUT 8 "normalized_exp";
v0x12292f670_0 .net "exp", 7 0, v0x12293e780_0;  1 drivers
v0x12293e220_0 .net "mantissa_temp", 24 0, v0x12293ec30_0;  1 drivers
v0x12293e2d0_0 .var "normalized_exp", 7 0;
v0x12293e390_0 .var "normalized_mantissa", 22 0;
v0x12293e440_0 .var "zero_count", 22 0;
E_0x122911300 .event edge, v0x12293e440_0, v0x12293e220_0;
E_0x122911330 .event edge, v0x12292f670_0, v0x12293e220_0;
    .scope S_0x122905050;
T_0 ;
    %wait E_0x122911330;
    %load/vec4 v0x12293e220_0;
    %parti/s 1, 24, 6;
    %flag_set/vec4 8;
    %jmp/0xz  T_0.0, 8;
    %pushi/vec4 25, 0, 23;
    %store/vec4 v0x12293e440_0, 0, 23;
    %jmp T_0.1;
T_0.0 ;
    %load/vec4 v0x12293e220_0;
    %parti/s 1, 23, 6;
    %flag_set/vec4 8;
    %jmp/0xz  T_0.2, 8;
    %pushi/vec4 0, 0, 23;
    %store/vec4 v0x12293e440_0, 0, 23;
    %jmp T_0.3;
T_0.2 ;
    %load/vec4 v0x12293e220_0;
    %parti/s 1, 22, 6;
    %flag_set/vec4 8;
    %jmp/0xz  T_0.4, 8;
    %pushi/vec4 1, 0, 23;
    %store/vec4 v0x12293e440_0, 0, 23;
    %jmp T_0.5;
T_0.4 ;
    %load/vec4 v0x12293e220_0;
    %parti/s 1, 21, 6;
    %flag_set/vec4 8;
    %jmp/0xz  T_0.6, 8;
    %pushi/vec4 2, 0, 23;
    %store/vec4 v0x12293e440_0, 0, 23;
    %jmp T_0.7;
T_0.6 ;
    %load/vec4 v0x12293e220_0;
    %parti/s 1, 20, 6;
    %flag_set/vec4 8;
    %jmp/0xz  T_0.8, 8;
    %pushi/vec4 3, 0, 23;
    %store/vec4 v0x12293e440_0, 0, 23;
    %jmp T_0.9;
T_0.8 ;
    %load/vec4 v0x12293e220_0;
    %parti/s 1, 19, 6;
    %flag_set/vec4 8;
    %jmp/0xz  T_0.10, 8;
    %pushi/vec4 4, 0, 23;
    %store/vec4 v0x12293e440_0, 0, 23;
    %jmp T_0.11;
T_0.10 ;
    %load/vec4 v0x12293e220_0;
    %parti/s 1, 18, 6;
    %flag_set/vec4 8;
    %jmp/0xz  T_0.12, 8;
    %pushi/vec4 5, 0, 23;
    %store/vec4 v0x12293e440_0, 0, 23;
    %jmp T_0.13;
T_0.12 ;
    %load/vec4 v0x12293e220_0;
    %parti/s 1, 17, 6;
    %flag_set/vec4 8;
    %jmp/0xz  T_0.14, 8;
    %pushi/vec4 6, 0, 23;
    %store/vec4 v0x12293e440_0, 0, 23;
    %jmp T_0.15;
T_0.14 ;
    %load/vec4 v0x12293e220_0;
    %parti/s 1, 16, 6;
    %flag_set/vec4 8;
    %jmp/0xz  T_0.16, 8;
    %pushi/vec4 7, 0, 23;
    %store/vec4 v0x12293e440_0, 0, 23;
    %jmp T_0.17;
T_0.16 ;
    %load/vec4 v0x12293e220_0;
    %parti/s 1, 15, 5;
    %flag_set/vec4 8;
    %jmp/0xz  T_0.18, 8;
    %pushi/vec4 8, 0, 23;
    %store/vec4 v0x12293e440_0, 0, 23;
    %jmp T_0.19;
T_0.18 ;
    %load/vec4 v0x12293e220_0;
    %parti/s 1, 14, 5;
    %flag_set/vec4 8;
    %jmp/0xz  T_0.20, 8;
    %pushi/vec4 9, 0, 23;
    %store/vec4 v0x12293e440_0, 0, 23;
    %jmp T_0.21;
T_0.20 ;
    %load/vec4 v0x12293e220_0;
    %parti/s 1, 13, 5;
    %flag_set/vec4 8;
    %jmp/0xz  T_0.22, 8;
    %pushi/vec4 10, 0, 23;
    %store/vec4 v0x12293e440_0, 0, 23;
    %jmp T_0.23;
T_0.22 ;
    %load/vec4 v0x12293e220_0;
    %parti/s 1, 12, 5;
    %flag_set/vec4 8;
    %jmp/0xz  T_0.24, 8;
    %pushi/vec4 11, 0, 23;
    %store/vec4 v0x12293e440_0, 0, 23;
    %jmp T_0.25;
T_0.24 ;
    %load/vec4 v0x12293e220_0;
    %parti/s 1, 11, 5;
    %flag_set/vec4 8;
    %jmp/0xz  T_0.26, 8;
    %pushi/vec4 12, 0, 23;
    %store/vec4 v0x12293e440_0, 0, 23;
    %jmp T_0.27;
T_0.26 ;
    %load/vec4 v0x12293e220_0;
    %parti/s 1, 10, 5;
    %flag_set/vec4 8;
    %jmp/0xz  T_0.28, 8;
    %pushi/vec4 13, 0, 23;
    %store/vec4 v0x12293e440_0, 0, 23;
    %jmp T_0.29;
T_0.28 ;
    %load/vec4 v0x12293e220_0;
    %parti/s 1, 9, 5;
    %flag_set/vec4 8;
    %jmp/0xz  T_0.30, 8;
    %pushi/vec4 14, 0, 23;
    %store/vec4 v0x12293e440_0, 0, 23;
    %jmp T_0.31;
T_0.30 ;
    %load/vec4 v0x12293e220_0;
    %parti/s 1, 8, 5;
    %flag_set/vec4 8;
    %jmp/0xz  T_0.32, 8;
    %pushi/vec4 15, 0, 23;
    %store/vec4 v0x12293e440_0, 0, 23;
    %jmp T_0.33;
T_0.32 ;
    %load/vec4 v0x12293e220_0;
    %parti/s 1, 7, 4;
    %flag_set/vec4 8;
    %jmp/0xz  T_0.34, 8;
    %pushi/vec4 16, 0, 23;
    %store/vec4 v0x12293e440_0, 0, 23;
    %jmp T_0.35;
T_0.34 ;
    %load/vec4 v0x12293e220_0;
    %parti/s 1, 6, 4;
    %flag_set/vec4 8;
    %jmp/0xz  T_0.36, 8;
    %pushi/vec4 17, 0, 23;
    %store/vec4 v0x12293e440_0, 0, 23;
    %jmp T_0.37;
T_0.36 ;
    %load/vec4 v0x12293e220_0;
    %parti/s 1, 5, 4;
    %flag_set/vec4 8;
    %jmp/0xz  T_0.38, 8;
    %pushi/vec4 18, 0, 23;
    %store/vec4 v0x12293e440_0, 0, 23;
    %jmp T_0.39;
T_0.38 ;
    %load/vec4 v0x12293e220_0;
    %parti/s 1, 4, 4;
    %flag_set/vec4 8;
    %jmp/0xz  T_0.40, 8;
    %pushi/vec4 19, 0, 23;
    %store/vec4 v0x12293e440_0, 0, 23;
    %jmp T_0.41;
T_0.40 ;
    %load/vec4 v0x12293e220_0;
    %parti/s 1, 3, 3;
    %flag_set/vec4 8;
    %jmp/0xz  T_0.42, 8;
    %pushi/vec4 20, 0, 23;
    %store/vec4 v0x12293e440_0, 0, 23;
    %jmp T_0.43;
T_0.42 ;
    %load/vec4 v0x12293e220_0;
    %parti/s 1, 2, 3;
    %flag_set/vec4 8;
    %jmp/0xz  T_0.44, 8;
    %pushi/vec4 21, 0, 23;
    %store/vec4 v0x12293e440_0, 0, 23;
    %jmp T_0.45;
T_0.44 ;
    %load/vec4 v0x12293e220_0;
    %parti/s 1, 1, 2;
    %flag_set/vec4 8;
    %jmp/0xz  T_0.46, 8;
    %pushi/vec4 22, 0, 23;
    %store/vec4 v0x12293e440_0, 0, 23;
    %jmp T_0.47;
T_0.46 ;
    %load/vec4 v0x12293e220_0;
    %parti/s 1, 0, 2;
    %flag_set/vec4 8;
    %jmp/0xz  T_0.48, 8;
    %pushi/vec4 23, 0, 23;
    %store/vec4 v0x12293e440_0, 0, 23;
    %jmp T_0.49;
T_0.48 ;
    %pushi/vec4 24, 0, 23;
    %store/vec4 v0x12293e440_0, 0, 23;
T_0.49 ;
T_0.47 ;
T_0.45 ;
T_0.43 ;
T_0.41 ;
T_0.39 ;
T_0.37 ;
T_0.35 ;
T_0.33 ;
T_0.31 ;
T_0.29 ;
T_0.27 ;
T_0.25 ;
T_0.23 ;
T_0.21 ;
T_0.19 ;
T_0.17 ;
T_0.15 ;
T_0.13 ;
T_0.11 ;
T_0.9 ;
T_0.7 ;
T_0.5 ;
T_0.3 ;
T_0.1 ;
    %jmp T_0;
    .thread T_0, $push;
    .scope S_0x122905050;
T_1 ;
    %wait E_0x122911300;
    %load/vec4 v0x12293e440_0;
    %pad/u 32;
    %cmpi/e 24, 0, 32;
    %jmp/0xz  T_1.0, 4;
    %pushi/vec4 0, 0, 23;
    %store/vec4 v0x12293e390_0, 0, 23;
    %pushi/vec4 0, 0, 8;
    %store/vec4 v0x12293e2d0_0, 0, 8;
    %jmp T_1.1;
T_1.0 ;
    %load/vec4 v0x12293e440_0;
    %pad/u 32;
    %cmpi/e 25, 0, 32;
    %jmp/0xz  T_1.2, 4;
    %load/vec4 v0x12293e220_0;
    %parti/s 23, 1, 2;
    %store/vec4 v0x12293e390_0, 0, 23;
    %load/vec4 v0x12292f670_0;
    %addi 1, 0, 8;
    %store/vec4 v0x12293e2d0_0, 0, 8;
    %jmp T_1.3;
T_1.2 ;
    %load/vec4 v0x12293e220_0;
    %ix/getv 4, v0x12293e440_0;
    %shiftl 4;
    %pad/u 23;
    %store/vec4 v0x12293e390_0, 0, 23;
    %load/vec4 v0x12292f670_0;
    %pad/u 23;
    %load/vec4 v0x12293e440_0;
    %sub;
    %pad/u 8;
    %store/vec4 v0x12293e2d0_0, 0, 8;
T_1.3 ;
T_1.1 ;
    %jmp T_1;
    .thread T_1, $push;
    .scope S_0x12290ff10;
T_2 ;
    %wait E_0x1229219c0;
    %load/vec4 v0x12293f010_0;
    %cmpi/e 1, 0, 1;
    %jmp/0xz  T_2.0, 4;
    %pushi/vec4 0, 0, 32;
    %assign/vec4 v0x12293e570_0, 0;
    %pushi/vec4 0, 0, 32;
    %assign/vec4 v0x12293e630_0, 0;
    %pushi/vec4 0, 0, 32;
    %assign/vec4 v0x12293ee10_0, 0;
    %jmp T_2.1;
T_2.0 ;
    %load/vec4 v0x12293eeb0_0;
    %assign/vec4 v0x12293e570_0, 0;
    %load/vec4 v0x12293ef60_0;
    %assign/vec4 v0x12293e630_0, 0;
    %load/vec4 v0x12293f0b0_0;
    %assign/vec4 v0x12293ee10_0, 0;
T_2.1 ;
    %jmp T_2;
    .thread T_2;
    .scope S_0x12290ff10;
T_3 ;
    %wait E_0x12292ee40;
    %load/vec4 v0x12293e570_0;
    %parti/s 8, 23, 6;
    %store/vec4 v0x12293f3a0_0, 0, 8;
    %load/vec4 v0x12293e630_0;
    %parti/s 8, 23, 6;
    %store/vec4 v0x12293f450_0, 0, 8;
    %load/vec4 v0x12293e570_0;
    %parti/s 23, 0, 2;
    %store/vec4 v0x12293f500_0, 0, 23;
    %load/vec4 v0x12293e630_0;
    %parti/s 23, 0, 2;
    %store/vec4 v0x12293f5b0_0, 0, 23;
    %load/vec4 v0x12293f450_0;
    %load/vec4 v0x12293f3a0_0;
    %cmp/u;
    %flag_mov 8, 5;
    %load/vec4 v0x12293f3a0_0;
    %load/vec4 v0x12293f450_0;
    %cmp/e;
    %flag_get/vec4 4;
    %load/vec4 v0x12293f5b0_0;
    %load/vec4 v0x12293f500_0;
    %cmp/u;
    %flag_get/vec4 4;
    %flag_get/vec4 5;
    %or;
    %and;
    %flag_set/vec4 9;
    %flag_or 9, 8;
    %jmp/0xz  T_3.0, 9;
    %load/vec4 v0x12293e570_0;
    %parti/s 1, 31, 6;
    %store/vec4 v0x12293f260_0, 0, 1;
    %load/vec4 v0x12293e630_0;
    %parti/s 1, 31, 6;
    %store/vec4 v0x12293f300_0, 0, 1;
    %load/vec4 v0x12293e570_0;
    %parti/s 8, 23, 6;
    %store/vec4 v0x12293e830_0, 0, 8;
    %load/vec4 v0x12293e630_0;
    %parti/s 8, 23, 6;
    %store/vec4 v0x12293e910_0, 0, 8;
    %pushi/vec4 1, 0, 2;
    %load/vec4 v0x12293e570_0;
    %parti/s 23, 0, 2;
    %concat/vec4; draw_concat_vec4
    %store/vec4 v0x12293e9c0_0, 0, 25;
    %pushi/vec4 1, 0, 2;
    %load/vec4 v0x12293e630_0;
    %parti/s 23, 0, 2;
    %concat/vec4; draw_concat_vec4
    %store/vec4 v0x12293ea70_0, 0, 25;
    %jmp T_3.1;
T_3.0 ;
    %load/vec4 v0x12293e630_0;
    %parti/s 1, 31, 6;
    %store/vec4 v0x12293f260_0, 0, 1;
    %load/vec4 v0x12293e570_0;
    %parti/s 1, 31, 6;
    %store/vec4 v0x12293f300_0, 0, 1;
    %load/vec4 v0x12293e630_0;
    %parti/s 8, 23, 6;
    %store/vec4 v0x12293e830_0, 0, 8;
    %load/vec4 v0x12293e570_0;
    %parti/s 8, 23, 6;
    %store/vec4 v0x12293e910_0, 0, 8;
    %pushi/vec4 1, 0, 2;
    %load/vec4 v0x12293e630_0;
    %parti/s 23, 0, 2;
    %concat/vec4; draw_concat_vec4
    %store/vec4 v0x12293e9c0_0, 0, 25;
    %pushi/vec4 1, 0, 2;
    %load/vec4 v0x12293e570_0;
    %parti/s 23, 0, 2;
    %concat/vec4; draw_concat_vec4
    %store/vec4 v0x12293ea70_0, 0, 25;
T_3.1 ;
    %jmp T_3;
    .thread T_3, $push;
    .scope S_0x12290ff10;
T_4 ;
    %wait E_0x12292ed40;
    %load/vec4 v0x12293ea70_0;
    %load/vec4 v0x12293e830_0;
    %load/vec4 v0x12293e910_0;
    %sub;
    %ix/vec4 4;
    %shiftr 4;
    %store/vec4 v0x12293eb20_0, 0, 25;
    %jmp T_4;
    .thread T_4, $push;
    .scope S_0x12290ff10;
T_5 ;
    %wait E_0x12291cc50;
    %load/vec4 v0x12293f260_0;
    %load/vec4 v0x12293f300_0;
    %cmp/e;
    %jmp/0xz  T_5.0, 4;
    %load/vec4 v0x12293e9c0_0;
    %load/vec4 v0x12293eb20_0;
    %add;
    %store/vec4 v0x12293ec30_0, 0, 25;
    %jmp T_5.1;
T_5.0 ;
    %load/vec4 v0x12293e9c0_0;
    %load/vec4 v0x12293eb20_0;
    %sub;
    %store/vec4 v0x12293ec30_0, 0, 25;
T_5.1 ;
    %jmp T_5;
    .thread T_5, $push;
    .scope S_0x12290ff10;
T_6 ;
    %wait E_0x122906170;
    %load/vec4 v0x12293e830_0;
    %load/vec4 v0x12293e910_0;
    %cmp/e;
    %flag_get/vec4 4;
    %load/vec4 v0x12293ec30_0;
    %pad/u 32;
    %pushi/vec4 0, 0, 32;
    %cmp/e;
    %flag_get/vec4 4;
    %and;
    %load/vec4 v0x12293f260_0;
    %load/vec4 v0x12293f300_0;
    %cmp/ne;
    %flag_get/vec4 4;
    %and;
    %flag_set/vec4 8;
    %jmp/0xz  T_6.0, 8;
    %pushi/vec4 0, 0, 8;
    %store/vec4 v0x12293e780_0, 0, 8;
    %jmp T_6.1;
T_6.0 ;
    %load/vec4 v0x12293e830_0;
    %store/vec4 v0x12293e780_0, 0, 8;
T_6.1 ;
    %jmp T_6;
    .thread T_6, $push;
    .scope S_0x12290ff10;
T_7 ;
    %wait E_0x12290e8b0;
    %load/vec4 v0x12293e570_0;
    %cmpi/e 0, 0, 32;
    %jmp/0xz  T_7.0, 4;
    %load/vec4 v0x12293e630_0;
    %store/vec4 v0x12293f0b0_0, 0, 32;
    %jmp T_7.1;
T_7.0 ;
    %load/vec4 v0x12293e630_0;
    %cmpi/e 0, 0, 32;
    %jmp/0xz  T_7.2, 4;
    %load/vec4 v0x12293e570_0;
    %store/vec4 v0x12293f0b0_0, 0, 32;
    %jmp T_7.3;
T_7.2 ;
    %load/vec4 v0x12293ec30_0;
    %pad/u 32;
    %pushi/vec4 0, 0, 32;
    %cmp/e;
    %flag_get/vec4 4;
    %load/vec4 v0x12293e780_0;
    %pad/u 32;
    %pushi/vec4 0, 0, 32;
    %cmp/e;
    %flag_get/vec4 4;
    %and;
    %flag_set/vec4 8;
    %jmp/0xz  T_7.4, 8;
    %pushi/vec4 0, 0, 32;
    %store/vec4 v0x12293f0b0_0, 0, 32;
    %jmp T_7.5;
T_7.4 ;
    %load/vec4 v0x12293f260_0;
    %load/vec4 v0x12293ecf0_0;
    %concat/vec4; draw_concat_vec4
    %load/vec4 v0x12293ed80_0;
    %concat/vec4; draw_concat_vec4
    %store/vec4 v0x12293f0b0_0, 0, 32;
T_7.5 ;
T_7.3 ;
T_7.1 ;
    %jmp T_7;
    .thread T_7, $push;
    .scope S_0x12290fda0;
T_8 ;
    %pushi/vec4 0, 0, 1;
    %store/vec4 v0x12293f890_0, 0, 1;
    %pushi/vec4 0, 0, 1;
    %store/vec4 v0x12293fd20_0, 0, 1;
    %delay 20000, 0;
    %pushi/vec4 1, 0, 1;
    %store/vec4 v0x12293fd20_0, 0, 1;
    %delay 20000, 0;
    %pushi/vec4 0, 0, 1;
    %store/vec4 v0x12293fd20_0, 0, 1;
    %pushi/vec4 0, 0, 32;
    %store/vec4 v0x12293f9f0_0, 0, 32;
    %pushi/vec4 0, 0, 32;
    %store/vec4 v0x12293fb40_0, 0, 32;
T_8.0 ;
    %load/vec4 v0x12293fb40_0;
    %cmpi/s 10, 0, 32;
    %jmp/0xz T_8.1, 5;
    %ix/getv/s 4, v0x12293fb40_0;
    %load/vec4a v0x12293faa0, 4;
    %store/vec4 v0x12293f800_0, 0, 96;
    %load/vec4 v0x12293f800_0;
    %parti/s 32, 64, 8;
    %store/vec4 v0x12293f6e0_0, 0, 32;
    %load/vec4 v0x12293f800_0;
    %parti/s 32, 32, 7;
    %store/vec4 v0x12293f770_0, 0, 32;
    %load/vec4 v0x12293f800_0;
    %parti/s 32, 0, 2;
    %store/vec4 v0x12293f920_0, 0, 32;
    %delay 40000, 0;
    %vpi_call 2 47 "$display", "A=%h,B=%h,out=%h, correctOut=%h\012", v0x12293f6e0_0, v0x12293f770_0, v0x12293fbf0_0, v0x12293f920_0 {0 0 0};
    %load/vec4 v0x12293fbf0_0;
    %load/vec4 v0x12293f920_0;
    %cmp/ne;
    %jmp/0xz  T_8.2, 4;
    %vpi_call 2 50 "$display", "Error at input %d. Out was %h instead of %h\012", v0x12293fb40_0, v0x12293fbf0_0, v0x12293f920_0 {0 0 0};
    %load/vec4 v0x12293f9f0_0;
    %addi 1, 0, 32;
    %store/vec4 v0x12293f9f0_0, 0, 32;
T_8.2 ;
    %load/vec4 v0x12293fb40_0;
    %addi 1, 0, 32;
    %store/vec4 v0x12293fb40_0, 0, 32;
    %jmp T_8.0;
T_8.1 ;
    %vpi_call 2 54 "$display", "Num of Errors = %4d\012", v0x12293f9f0_0 {0 0 0};
    %vpi_call 2 55 "$finish" {0 0 0};
    %end;
    .thread T_8;
    .scope S_0x12290fda0;
T_9 ;
    %vpi_call 2 60 "$readmemh", "fp_InOut.hex", v0x12293faa0 {0 0 0};
    %end;
    .thread T_9;
    .scope S_0x12290fda0;
T_10 ;
    %delay 10000, 0;
    %load/vec4 v0x12293f890_0;
    %inv;
    %store/vec4 v0x12293f890_0, 0, 1;
    %jmp T_10;
    .thread T_10;
# The file index is used to find the file name in the following table.
:file_names 5;
    "N/A";
    "<interactive>";
    "testbench.v";
    "fpadd_single.v";
    "fp_normalizer.v";
