#! /usr/bin/vvp
:ivl_version "11.0 (stable)" "(v11_0)";
:ivl_delay_selection "TYPICAL";
:vpi_time_precision - 12;
:vpi_module "/usr/lib64/ivl/system.vpi";
:vpi_module "/usr/lib64/ivl/vhdl_sys.vpi";
:vpi_module "/usr/lib64/ivl/vhdl_textio.vpi";
:vpi_module "/usr/lib64/ivl/v2005_math.vpi";
:vpi_module "/usr/lib64/ivl/va_math.vpi";
S_0x55911cc2c670 .scope module, "testbench" "testbench" 2 20;
 .timescale -9 -12;
P_0x55911cc0df50 .param/l "NUM" 0 2 21, +C4<00000000000000000000000000001010>;
v0x55911cc57690_0 .net "a0", 0 0, L_0x55911cc69fc0;  1 drivers
v0x55911cc57750_0 .net "a1", 0 0, L_0x55911cc6aa90;  1 drivers
v0x55911cc577f0_0 .net "an0", 0 0, v0x55911cc540a0_0;  1 drivers
v0x55911cc57910_0 .net "an1", 0 0, v0x55911cc55880_0;  1 drivers
v0x55911cc57a00_0 .net "b0", 0 0, L_0x55911cc6a0b0;  1 drivers
v0x55911cc57af0_0 .net "b1", 0 0, L_0x55911cc6ab80;  1 drivers
v0x55911cc57b90_0 .net "c0", 0 0, L_0x55911cc6a1f0;  1 drivers
v0x55911cc57c30_0 .net "c1", 0 0, L_0x55911cc6ad30;  1 drivers
v0x55911cc57d00_0 .var "clk", 0 0;
v0x55911cc57da0_0 .net "d0", 0 0, L_0x55911cc6a320;  1 drivers
v0x55911cc57e70_0 .net "d1", 0 0, L_0x55911cc6ae20;  1 drivers
v0x55911cc57f40_0 .net "e0", 0 0, L_0x55911cc6a4a0;  1 drivers
v0x55911cc58010_0 .net "e1", 0 0, L_0x55911cc6b020;  1 drivers
v0x55911cc580e0_0 .net "f0", 0 0, L_0x55911cc6a590;  1 drivers
v0x55911cc581b0_0 .net "f1", 0 0, L_0x55911cc6b0c0;  1 drivers
v0x55911cc58280_0 .net "g0", 0 0, L_0x55911cc6a680;  1 drivers
v0x55911cc58350_0 .net "g1", 0 0, L_0x55911cc6b240;  1 drivers
v0x55911cc58420_0 .net "out", 7 0, L_0x55911cc699e0;  1 drivers
v0x55911cc584f0_0 .var "rst", 0 0;
S_0x55911cb910f0 .scope module, "DUT2" "fpadd_system" 2 48, 3 6 0, S_0x55911cc2c670;
 .timescale -9 -12;
    .port_info 0 /INPUT 1 "clk";
    .port_info 1 /INPUT 1 "rst";
    .port_info 2 /INPUT 1 "button_in";
    .port_info 3 /OUTPUT 8 "leds";
    .port_info 4 /OUTPUT 1 "an0";
    .port_info 5 /OUTPUT 1 "a0";
    .port_info 6 /OUTPUT 1 "b0";
    .port_info 7 /OUTPUT 1 "c0";
    .port_info 8 /OUTPUT 1 "d0";
    .port_info 9 /OUTPUT 1 "e0";
    .port_info 10 /OUTPUT 1 "f0";
    .port_info 11 /OUTPUT 1 "g0";
    .port_info 12 /OUTPUT 1 "an1";
    .port_info 13 /OUTPUT 1 "a1";
    .port_info 14 /OUTPUT 1 "b1";
    .port_info 15 /OUTPUT 1 "c1";
    .port_info 16 /OUTPUT 1 "d1";
    .port_info 17 /OUTPUT 1 "e1";
    .port_info 18 /OUTPUT 1 "f1";
    .port_info 19 /OUTPUT 1 "g1";
v0x55911cc56130_0 .net "a0", 0 0, L_0x55911cc69fc0;  alias, 1 drivers
v0x55911cc56210_0 .net "a1", 0 0, L_0x55911cc6aa90;  alias, 1 drivers
v0x55911cc562d0_0 .net "an0", 0 0, v0x55911cc540a0_0;  alias, 1 drivers
v0x55911cc563a0_0 .net "an1", 0 0, v0x55911cc55880_0;  alias, 1 drivers
v0x55911cc56470_0 .net "b0", 0 0, L_0x55911cc6a0b0;  alias, 1 drivers
v0x55911cc56510_0 .net "b1", 0 0, L_0x55911cc6ab80;  alias, 1 drivers
o0x7fba77ae6018 .functor BUFZ 1, C4<z>; HiZ drive
v0x55911cc565b0_0 .net "button_in", 0 0, o0x7fba77ae6018;  0 drivers
v0x55911cc56650_0 .net "button_out", 0 0, v0x55911cc0ff20_0;  1 drivers
v0x55911cc566f0_0 .net "c0", 0 0, L_0x55911cc6a1f0;  alias, 1 drivers
v0x55911cc56790_0 .net "c1", 0 0, L_0x55911cc6ad30;  alias, 1 drivers
v0x55911cc56830_0 .net "char0", 7 0, L_0x55911cc69b20;  1 drivers
v0x55911cc568f0_0 .net "char1", 7 0, L_0x55911cc69c10;  1 drivers
v0x55911cc569c0_0 .net "clk", 0 0, v0x55911cc57d00_0;  1 drivers
v0x55911cc56a60_0 .net "d0", 0 0, L_0x55911cc6a320;  alias, 1 drivers
v0x55911cc56b00_0 .net "d1", 0 0, L_0x55911cc6ae20;  alias, 1 drivers
v0x55911cc56bc0_0 .net "e0", 0 0, L_0x55911cc6a4a0;  alias, 1 drivers
v0x55911cc56c80_0 .net "e1", 0 0, L_0x55911cc6b020;  alias, 1 drivers
v0x55911cc56d40_0 .net "f0", 0 0, L_0x55911cc6a590;  alias, 1 drivers
v0x55911cc56e00_0 .net "f1", 0 0, L_0x55911cc6b0c0;  alias, 1 drivers
v0x55911cc56ec0_0 .net "fp_out", 31 0, v0x55911cc51f40_0;  1 drivers
v0x55911cc56fb0_0 .net "g0", 0 0, L_0x55911cc6a680;  alias, 1 drivers
v0x55911cc57050_0 .net "g1", 0 0, L_0x55911cc6b240;  alias, 1 drivers
v0x55911cc57110_0 .net "in_A", 31 0, L_0x55911cc587b0;  1 drivers
v0x55911cc571d0_0 .net "in_B", 31 0, L_0x55911cc58b00;  1 drivers
v0x55911cc57290_0 .net "leds", 7 0, L_0x55911cc699e0;  alias, 1 drivers
v0x55911cc57370_0 .net "rst", 0 0, v0x55911cc584f0_0;  1 drivers
L_0x55911cc699e0 .part v0x55911cc51f40_0, 0, 8;
L_0x55911cc69b20 .part v0x55911cc51f40_0, 24, 8;
L_0x55911cc69c10 .part v0x55911cc51f40_0, 16, 8;
L_0x55911cc69fc0 .part v0x55911cc53ee0_0, 6, 1;
L_0x55911cc6a0b0 .part v0x55911cc53ee0_0, 5, 1;
L_0x55911cc6a1f0 .part v0x55911cc53ee0_0, 4, 1;
L_0x55911cc6a320 .part v0x55911cc53ee0_0, 3, 1;
L_0x55911cc6a4a0 .part v0x55911cc53ee0_0, 2, 1;
L_0x55911cc6a590 .part v0x55911cc53ee0_0, 1, 1;
L_0x55911cc6a680 .part v0x55911cc53ee0_0, 0, 1;
L_0x55911cc6aa90 .part v0x55911cc556c0_0, 6, 1;
L_0x55911cc6ab80 .part v0x55911cc556c0_0, 5, 1;
L_0x55911cc6ad30 .part v0x55911cc556c0_0, 4, 1;
L_0x55911cc6ae20 .part v0x55911cc556c0_0, 3, 1;
L_0x55911cc6b020 .part v0x55911cc556c0_0, 2, 1;
L_0x55911cc6b0c0 .part v0x55911cc556c0_0, 1, 1;
L_0x55911cc6b240 .part v0x55911cc556c0_0, 0, 1;
S_0x55911cbefd70 .scope module, "button_control" "button_control" 3 18, 4 1 0, S_0x55911cb910f0;
 .timescale 0 0;
    .port_info 0 /INPUT 1 "clk";
    .port_info 1 /INPUT 1 "reset";
    .port_info 2 /INPUT 1 "button_in";
    .port_info 3 /OUTPUT 1 "button_out";
P_0x55911cc307b0 .param/l "idle" 0 4 10, C4<00>;
P_0x55911cc307f0 .param/l "pressed" 0 4 11, C4<01>;
P_0x55911cc30830 .param/l "pressed_2" 0 4 12, C4<10>;
v0x55911cc21f30_0 .net "button_in", 0 0, o0x7fba77ae6018;  alias, 0 drivers
v0x55911cc0ff20_0 .var "button_out", 0 0;
v0x55911cc0ffc0_0 .net "clk", 0 0, v0x55911cc57d00_0;  alias, 1 drivers
v0x55911cc10be0_0 .var "counter", 23 0;
v0x55911cc10cb0_0 .var "current_state", 1 0;
v0x55911cbc4470_0 .var "l2p_in", 0 0;
v0x55911cbc4570_0 .var "next_state", 1 0;
v0x55911cc4e840_0 .net "reset", 0 0, v0x55911cc584f0_0;  alias, 1 drivers
E_0x55911cbf6460 .event edge, v0x55911cbc4470_0, v0x55911cc10cb0_0;
E_0x55911cc33db0 .event posedge, v0x55911cc4e840_0, v0x55911cc0ffc0_0;
E_0x55911cc33d70 .event edge, v0x55911cc10be0_0;
S_0x55911cc4e980 .scope module, "data_memory" "DataMemory" 3 20, 5 1 0, S_0x55911cb910f0;
 .timescale 0 0;
    .port_info 0 /INPUT 1 "clk";
    .port_info 1 /INPUT 1 "rst";
    .port_info 2 /INPUT 1 "button";
    .port_info 3 /OUTPUT 32 "out_a";
    .port_info 4 /OUTPUT 32 "out_b";
P_0x55911cc4eb80 .param/l "NUM" 0 5 7, +C4<00000000000000000000000000001010>;
v0x55911cc4eca0_0 .net *"_ivl_0", 63 0, L_0x55911cc58590;  1 drivers
v0x55911cc4ed80_0 .net *"_ivl_10", 4 0, L_0x55911cc58970;  1 drivers
L_0x7fba77a9d060 .functor BUFT 1, C4<0>, C4<0>, C4<0>, C4<0>;
v0x55911cc4ee60_0 .net *"_ivl_13", 0 0, L_0x7fba77a9d060;  1 drivers
v0x55911cc4ef20_0 .net *"_ivl_2", 4 0, L_0x55911cc58690;  1 drivers
L_0x7fba77a9d018 .functor BUFT 1, C4<0>, C4<0>, C4<0>, C4<0>;
v0x55911cc4f000_0 .net *"_ivl_5", 0 0, L_0x7fba77a9d018;  1 drivers
v0x55911cc4f130_0 .net *"_ivl_8", 63 0, L_0x55911cc588a0;  1 drivers
v0x55911cc4f210_0 .net "button", 0 0, v0x55911cc0ff20_0;  alias, 1 drivers
v0x55911cc4f2b0_0 .net "clk", 0 0, v0x55911cc57d00_0;  alias, 1 drivers
v0x55911cc4f350_0 .var "count", 3 0;
v0x55911cc4f3f0 .array "mem", 9 0, 63 0;
v0x55911cc4f4b0_0 .net "out_a", 31 0, L_0x55911cc587b0;  alias, 1 drivers
v0x55911cc4f590_0 .net "out_b", 31 0, L_0x55911cc58b00;  alias, 1 drivers
v0x55911cc4f670_0 .net "rst", 0 0, v0x55911cc584f0_0;  alias, 1 drivers
L_0x55911cc58590 .array/port v0x55911cc4f3f0, L_0x55911cc58690;
L_0x55911cc58690 .concat [ 4 1 0 0], v0x55911cc4f350_0, L_0x7fba77a9d018;
L_0x55911cc587b0 .part L_0x55911cc58590, 32, 32;
L_0x55911cc588a0 .array/port v0x55911cc4f3f0, L_0x55911cc58970;
L_0x55911cc58970 .concat [ 4 1 0 0], v0x55911cc4f350_0, L_0x7fba77a9d060;
L_0x55911cc58b00 .part L_0x55911cc588a0, 0, 32;
S_0x55911cc4f7c0 .scope module, "fpadd_pipelined" "fpadd_pipelined" 3 27, 6 17 0, S_0x55911cb910f0;
 .timescale -9 -12;
    .port_info 0 /INPUT 1 "clk";
    .port_info 1 /INPUT 1 "reset";
    .port_info 2 /INPUT 32 "reg_A";
    .port_info 3 /INPUT 32 "reg_B";
    .port_info 4 /OUTPUT 32 "out";
L_0x55911cc1d3f0 .functor AND 1, L_0x55911cc68d60, L_0x55911cc69160, C4<1>, C4<1>;
L_0x55911cc20cc0 .functor AND 1, L_0x55911cc69470, L_0x55911cc69810, C4<1>, C4<1>;
v0x55911cc50470_0 .var "A", 31 0;
v0x55911cc50570_0 .var "B", 31 0;
v0x55911cc50650_0 .net *"_ivl_0", 31 0, L_0x55911cc58c30;  1 drivers
v0x55911cc50710_0 .net *"_ivl_10", 31 0, L_0x55911cc68f70;  1 drivers
L_0x7fba77a9d138 .functor BUFT 1, C4<000000000>, C4<0>, C4<0>, C4<0>;
v0x55911cc507f0_0 .net *"_ivl_13", 8 0, L_0x7fba77a9d138;  1 drivers
L_0x7fba77a9d180 .functor BUFT 1, C4<00000000000000000000000000000000>, C4<0>, C4<0>, C4<0>;
v0x55911cc50920_0 .net/2u *"_ivl_14", 31 0, L_0x7fba77a9d180;  1 drivers
v0x55911cc50a00_0 .net *"_ivl_16", 0 0, L_0x55911cc69160;  1 drivers
v0x55911cc50ac0_0 .net *"_ivl_20", 31 0, L_0x55911cc69340;  1 drivers
L_0x7fba77a9d1c8 .functor BUFT 1, C4<000000000000000000000000>, C4<0>, C4<0>, C4<0>;
v0x55911cc50ba0_0 .net *"_ivl_23", 23 0, L_0x7fba77a9d1c8;  1 drivers
L_0x7fba77a9d210 .functor BUFT 1, C4<00000000000000000000000000000000>, C4<0>, C4<0>, C4<0>;
v0x55911cc50c80_0 .net/2u *"_ivl_24", 31 0, L_0x7fba77a9d210;  1 drivers
v0x55911cc50d60_0 .net *"_ivl_26", 0 0, L_0x55911cc69470;  1 drivers
v0x55911cc50e20_0 .net *"_ivl_29", 22 0, L_0x55911cc695b0;  1 drivers
L_0x7fba77a9d0a8 .functor BUFT 1, C4<000000000000000000000000>, C4<0>, C4<0>, C4<0>;
v0x55911cc50f00_0 .net *"_ivl_3", 23 0, L_0x7fba77a9d0a8;  1 drivers
v0x55911cc50fe0_0 .net *"_ivl_30", 31 0, L_0x55911cc696a0;  1 drivers
L_0x7fba77a9d258 .functor BUFT 1, C4<000000000>, C4<0>, C4<0>, C4<0>;
v0x55911cc510c0_0 .net *"_ivl_33", 8 0, L_0x7fba77a9d258;  1 drivers
L_0x7fba77a9d2a0 .functor BUFT 1, C4<00000000000000000000000000000000>, C4<0>, C4<0>, C4<0>;
v0x55911cc511a0_0 .net/2u *"_ivl_34", 31 0, L_0x7fba77a9d2a0;  1 drivers
v0x55911cc51280_0 .net *"_ivl_36", 0 0, L_0x55911cc69810;  1 drivers
L_0x7fba77a9d0f0 .functor BUFT 1, C4<00000000000000000000000000000000>, C4<0>, C4<0>, C4<0>;
v0x55911cc51340_0 .net/2u *"_ivl_4", 31 0, L_0x7fba77a9d0f0;  1 drivers
v0x55911cc51420_0 .net *"_ivl_6", 0 0, L_0x55911cc68d60;  1 drivers
v0x55911cc514e0_0 .net *"_ivl_9", 22 0, L_0x55911cc68ed0;  1 drivers
v0x55911cc515c0_0 .net "clk", 0 0, v0x55911cc57d00_0;  alias, 1 drivers
v0x55911cc51660_0 .var "exp", 7 0;
v0x55911cc51720_0 .var "exp_max", 7 0;
v0x55911cc517e0_0 .var "exp_min", 7 0;
v0x55911cc518c0_0 .var "mantissa_max", 24 0;
v0x55911cc519a0_0 .var "mantissa_min", 24 0;
v0x55911cc51a80_0 .var "mantissa_min_shifted", 24 0;
v0x55911cc51b60_0 .var "mantissa_temp", 24 0;
v0x55911cc51c20_0 .net "max_is_zero", 0 0, L_0x55911cc20cc0;  1 drivers
v0x55911cc51cc0_0 .net "min_is_zero", 0 0, L_0x55911cc1d3f0;  1 drivers
v0x55911cc51d80_0 .net "normalized_exp", 7 0, v0x55911cc500f0_0;  1 drivers
v0x55911cc51e70_0 .net "normalized_mantissa", 22 0, v0x55911cc501e0_0;  1 drivers
v0x55911cc51f40_0 .var "out", 31 0;
v0x55911cc52210_0 .net "reg_A", 31 0, L_0x55911cc587b0;  alias, 1 drivers
v0x55911cc52300_0 .net "reg_B", 31 0, L_0x55911cc58b00;  alias, 1 drivers
v0x55911cc523d0_0 .var "reg_exp_max", 7 0;
v0x55911cc52490_0 .var "reg_exp_min", 7 0;
v0x55911cc52570_0 .var "reg_mantissa_max", 24 0;
v0x55911cc52650_0 .var "reg_mantissa_min_shifted", 24 0;
v0x55911cc52730_0 .var "reg_max_is_zero", 0 0;
v0x55911cc527f0_0 .var "reg_min_is_zero", 0 0;
v0x55911cc528b0_0 .var "reg_sign_max", 0 0;
v0x55911cc52970_0 .var "reg_sign_min", 0 0;
v0x55911cc52a30_0 .net "reset", 0 0, v0x55911cc584f0_0;  alias, 1 drivers
v0x55911cc52b20_0 .var "result", 31 0;
v0x55911cc52c00_0 .var "sign_max", 0 0;
v0x55911cc52cc0_0 .var "sign_min", 0 0;
v0x55911cc52d80_0 .var "temp_exp_A", 7 0;
v0x55911cc52e60_0 .var "temp_exp_B", 7 0;
v0x55911cc52f40_0 .var "temp_mantissa_A", 22 0;
v0x55911cc53020_0 .var "temp_mantissa_B", 22 0;
E_0x55911cc33df0/0 .event edge, v0x55911cc527f0_0, v0x55911cc528b0_0, v0x55911cc523d0_0, v0x55911cc52570_0;
E_0x55911cc33df0/1 .event edge, v0x55911cc50010_0, v0x55911cc4ff10_0, v0x55911cc500f0_0, v0x55911cc501e0_0;
E_0x55911cc33df0 .event/or E_0x55911cc33df0/0, E_0x55911cc33df0/1;
E_0x55911cc33e30 .event edge, v0x55911cc523d0_0, v0x55911cc52490_0, v0x55911cc50010_0;
E_0x55911cc347f0/0 .event edge, v0x55911cc527f0_0, v0x55911cc52570_0, v0x55911cc528b0_0, v0x55911cc52970_0;
E_0x55911cc347f0/1 .event edge, v0x55911cc52650_0;
E_0x55911cc347f0 .event/or E_0x55911cc347f0/0, E_0x55911cc347f0/1;
E_0x55911cc4faa0 .event edge, v0x55911cc519a0_0, v0x55911cc51720_0, v0x55911cc517e0_0;
E_0x55911cc4fb30/0 .event edge, v0x55911cc52d80_0, v0x55911cc52e60_0, v0x55911cc52f40_0, v0x55911cc53020_0;
E_0x55911cc4fb30/1 .event edge, v0x55911cc50470_0, v0x55911cc50570_0;
E_0x55911cc4fb30 .event/or E_0x55911cc4fb30/0, E_0x55911cc4fb30/1;
E_0x55911cc4fbb0 .event edge, v0x55911cc50470_0, v0x55911cc50570_0;
L_0x55911cc58c30 .concat [ 8 24 0 0], v0x55911cc517e0_0, L_0x7fba77a9d0a8;
L_0x55911cc68d60 .cmp/eq 32, L_0x55911cc58c30, L_0x7fba77a9d0f0;
L_0x55911cc68ed0 .part v0x55911cc519a0_0, 0, 23;
L_0x55911cc68f70 .concat [ 23 9 0 0], L_0x55911cc68ed0, L_0x7fba77a9d138;
L_0x55911cc69160 .cmp/eq 32, L_0x55911cc68f70, L_0x7fba77a9d180;
L_0x55911cc69340 .concat [ 8 24 0 0], v0x55911cc51720_0, L_0x7fba77a9d1c8;
L_0x55911cc69470 .cmp/eq 32, L_0x55911cc69340, L_0x7fba77a9d210;
L_0x55911cc695b0 .part v0x55911cc518c0_0, 0, 23;
L_0x55911cc696a0 .concat [ 23 9 0 0], L_0x55911cc695b0, L_0x7fba77a9d258;
L_0x55911cc69810 .cmp/eq 32, L_0x55911cc696a0, L_0x7fba77a9d2a0;
S_0x55911cc4fc50 .scope module, "fp_normalizer" "fp_normalizer" 6 136, 7 1 0, S_0x55911cc4f7c0;
 .timescale -9 -12;
    .port_info 0 /INPUT 25 "mantissa_temp";
    .port_info 1 /INPUT 8 "exp";
    .port_info 2 /OUTPUT 23 "normalized_mantissa";
    .port_info 3 /OUTPUT 8 "normalized_exp";
v0x55911cc4ff10_0 .net "exp", 7 0, v0x55911cc51660_0;  1 drivers
v0x55911cc50010_0 .net "mantissa_temp", 24 0, v0x55911cc51b60_0;  1 drivers
v0x55911cc500f0_0 .var "normalized_exp", 7 0;
v0x55911cc501e0_0 .var "normalized_mantissa", 22 0;
v0x55911cc502c0_0 .var "zero_count", 22 0;
E_0x55911cc4fe30 .event edge, v0x55911cc4ff10_0, v0x55911cc502c0_0, v0x55911cc50010_0;
E_0x55911cc4feb0 .event edge, v0x55911cc4ff10_0, v0x55911cc50010_0;
S_0x55911cc531a0 .scope module, "sevenSegDispDriver0" "sevenSegDispDriver" 3 34, 8 33 0, S_0x55911cb910f0;
 .timescale -9 -12;
    .port_info 0 /INPUT 1 "clk";
    .port_info 1 /INPUT 1 "rst";
    .port_info 2 /INPUT 8 "char";
    .port_info 3 /OUTPUT 1 "anode";
    .port_info 4 /OUTPUT 7 "LED";
v0x55911cc53ee0_0 .var "LED", 6 0;
L_0x7fba77a9d2e8 .functor BUFT 1, C4<00001>, C4<0>, C4<0>, C4<0>;
v0x55911cc53fc0_0 .net/2u *"_ivl_4", 4 0, L_0x7fba77a9d2e8;  1 drivers
v0x55911cc540a0_0 .var "anode", 0 0;
v0x55911cc54170_0 .net "char", 7 0, L_0x55911cc69b20;  alias, 1 drivers
v0x55911cc54250_0 .net "char0", 3 0, L_0x55911cc69d00;  1 drivers
v0x55911cc54360_0 .net "char1", 3 0, L_0x55911cc69da0;  1 drivers
v0x55911cc54430_0 .net "clk", 0 0, v0x55911cc57d00_0;  alias, 1 drivers
v0x55911cc544d0_0 .var "count", 4 0;
v0x55911cc54590_0 .net "countNext", 4 0, L_0x55911cc69f20;  1 drivers
v0x55911cc54670_0 .net "digit0", 6 0, v0x55911cc537c0_0;  1 drivers
v0x55911cc54760_0 .net "digit1", 6 0, v0x55911cc53ca0_0;  1 drivers
v0x55911cc54830_0 .net "rst", 0 0, v0x55911cc584f0_0;  alias, 1 drivers
E_0x55911cc53400 .event edge, v0x55911cc53ca0_0, v0x55911cc537c0_0, v0x55911cc540a0_0;
E_0x55911cc53480 .event edge, v0x55911cc544d0_0;
L_0x55911cc69d00 .part L_0x55911cc69b20, 4, 4;
L_0x55911cc69da0 .part L_0x55911cc69b20, 0, 4;
L_0x55911cc69f20 .arith/sub 5, v0x55911cc544d0_0, L_0x7fba77a9d2e8;
S_0x55911cc534e0 .scope module, "LEDdecoder0" "LEDdecoder" 8 51, 8 5 0, S_0x55911cc531a0;
 .timescale -9 -12;
    .port_info 0 /INPUT 4 "char";
    .port_info 1 /OUTPUT 7 "LED";
v0x55911cc537c0_0 .var "LED", 6 0;
v0x55911cc538c0_0 .net "char", 3 0, L_0x55911cc69d00;  alias, 1 drivers
E_0x55911cc53740 .event edge, v0x55911cc538c0_0;
S_0x55911cc53a00 .scope module, "LEDdecoder1" "LEDdecoder" 8 52, 8 5 0, S_0x55911cc531a0;
 .timescale -9 -12;
    .port_info 0 /INPUT 4 "char";
    .port_info 1 /OUTPUT 7 "LED";
v0x55911cc53ca0_0 .var "LED", 6 0;
v0x55911cc53da0_0 .net "char", 3 0, L_0x55911cc69da0;  alias, 1 drivers
E_0x55911cc53c20 .event edge, v0x55911cc53da0_0;
S_0x55911cc54980 .scope module, "sevenSegDispDriver1" "sevenSegDispDriver" 3 37, 8 33 0, S_0x55911cb910f0;
 .timescale -9 -12;
    .port_info 0 /INPUT 1 "clk";
    .port_info 1 /INPUT 1 "rst";
    .port_info 2 /INPUT 8 "char";
    .port_info 3 /OUTPUT 1 "anode";
    .port_info 4 /OUTPUT 7 "LED";
v0x55911cc556c0_0 .var "LED", 6 0;
L_0x7fba77a9d330 .functor BUFT 1, C4<00001>, C4<0>, C4<0>, C4<0>;
v0x55911cc557a0_0 .net/2u *"_ivl_4", 4 0, L_0x7fba77a9d330;  1 drivers
v0x55911cc55880_0 .var "anode", 0 0;
v0x55911cc55920_0 .net "char", 7 0, L_0x55911cc69c10;  alias, 1 drivers
v0x55911cc55a00_0 .net "char0", 3 0, L_0x55911cc6a7d0;  1 drivers
v0x55911cc55b10_0 .net "char1", 3 0, L_0x55911cc6a870;  1 drivers
v0x55911cc55be0_0 .net "clk", 0 0, v0x55911cc57d00_0;  alias, 1 drivers
v0x55911cc55c80_0 .var "count", 4 0;
v0x55911cc55d40_0 .net "countNext", 4 0, L_0x55911cc6a9f0;  1 drivers
v0x55911cc55e20_0 .net "digit0", 6 0, v0x55911cc54fa0_0;  1 drivers
v0x55911cc55f10_0 .net "digit1", 6 0, v0x55911cc55480_0;  1 drivers
v0x55911cc55fe0_0 .net "rst", 0 0, v0x55911cc584f0_0;  alias, 1 drivers
E_0x55911cc54be0 .event edge, v0x55911cc55480_0, v0x55911cc54fa0_0, v0x55911cc55880_0;
E_0x55911cc54c60 .event edge, v0x55911cc55c80_0;
L_0x55911cc6a7d0 .part L_0x55911cc69c10, 4, 4;
L_0x55911cc6a870 .part L_0x55911cc69c10, 0, 4;
L_0x55911cc6a9f0 .arith/sub 5, v0x55911cc55c80_0, L_0x7fba77a9d330;
S_0x55911cc54cc0 .scope module, "LEDdecoder0" "LEDdecoder" 8 51, 8 5 0, S_0x55911cc54980;
 .timescale -9 -12;
    .port_info 0 /INPUT 4 "char";
    .port_info 1 /OUTPUT 7 "LED";
v0x55911cc54fa0_0 .var "LED", 6 0;
v0x55911cc550a0_0 .net "char", 3 0, L_0x55911cc6a7d0;  alias, 1 drivers
E_0x55911cc54f20 .event edge, v0x55911cc550a0_0;
S_0x55911cc551e0 .scope module, "LEDdecoder1" "LEDdecoder" 8 52, 8 5 0, S_0x55911cc54980;
 .timescale -9 -12;
    .port_info 0 /INPUT 4 "char";
    .port_info 1 /OUTPUT 7 "LED";
v0x55911cc55480_0 .var "LED", 6 0;
v0x55911cc55580_0 .net "char", 3 0, L_0x55911cc6a870;  alias, 1 drivers
E_0x55911cc55400 .event edge, v0x55911cc55580_0;
    .scope S_0x55911cbefd70;
T_0 ;
    %wait E_0x55911cc33db0;
    %load/vec4 v0x55911cc4e840_0;
    %flag_set/vec4 8;
    %jmp/0xz  T_0.0, 8;
    %pushi/vec4 0, 0, 24;
    %assign/vec4 v0x55911cc10be0_0, 0;
    %jmp T_0.1;
T_0.0 ;
    %load/vec4 v0x55911cc21f30_0;
    %flag_set/vec4 8;
    %jmp/0xz  T_0.2, 8;
    %load/vec4 v0x55911cc10be0_0;
    %cmpi/e 10000000, 0, 24;
    %jmp/0xz  T_0.4, 4;
    %pushi/vec4 10000000, 0, 24;
    %assign/vec4 v0x55911cc10be0_0, 0;
    %jmp T_0.5;
T_0.4 ;
    %load/vec4 v0x55911cc10be0_0;
    %addi 1, 0, 24;
    %assign/vec4 v0x55911cc10be0_0, 0;
T_0.5 ;
    %jmp T_0.3;
T_0.2 ;
    %pushi/vec4 0, 0, 24;
    %assign/vec4 v0x55911cc10be0_0, 0;
T_0.3 ;
T_0.1 ;
    %jmp T_0;
    .thread T_0;
    .scope S_0x55911cbefd70;
T_1 ;
    %wait E_0x55911cc33d70;
    %load/vec4 v0x55911cc10be0_0;
    %cmpi/e 10000000, 0, 24;
    %jmp/0xz  T_1.0, 4;
    %pushi/vec4 1, 0, 1;
    %store/vec4 v0x55911cbc4470_0, 0, 1;
    %jmp T_1.1;
T_1.0 ;
    %pushi/vec4 0, 0, 1;
    %store/vec4 v0x55911cbc4470_0, 0, 1;
T_1.1 ;
    %jmp T_1;
    .thread T_1, $push;
    .scope S_0x55911cbefd70;
T_2 ;
    %wait E_0x55911cc33db0;
    %load/vec4 v0x55911cc4e840_0;
    %flag_set/vec4 8;
    %jmp/0xz  T_2.0, 8;
    %pushi/vec4 0, 0, 2;
    %assign/vec4 v0x55911cc10cb0_0, 0;
    %jmp T_2.1;
T_2.0 ;
    %load/vec4 v0x55911cbc4570_0;
    %assign/vec4 v0x55911cc10cb0_0, 0;
T_2.1 ;
    %jmp T_2;
    .thread T_2;
    .scope S_0x55911cbefd70;
T_3 ;
    %wait E_0x55911cbf6460;
    %load/vec4 v0x55911cc10cb0_0;
    %dup/vec4;
    %pushi/vec4 0, 0, 2;
    %cmp/u;
    %jmp/1 T_3.0, 6;
    %dup/vec4;
    %pushi/vec4 1, 0, 2;
    %cmp/u;
    %jmp/1 T_3.1, 6;
    %dup/vec4;
    %pushi/vec4 2, 0, 2;
    %cmp/u;
    %jmp/1 T_3.2, 6;
    %dup/vec4;
    %pushi/vec4 3, 0, 2;
    %cmp/u;
    %jmp/1 T_3.3, 6;
    %jmp T_3.4;
T_3.0 ;
    %pushi/vec4 0, 0, 1;
    %store/vec4 v0x55911cc0ff20_0, 0, 1;
    %load/vec4 v0x55911cbc4470_0;
    %cmpi/e 1, 0, 1;
    %jmp/0xz  T_3.5, 4;
    %pushi/vec4 1, 0, 2;
    %store/vec4 v0x55911cbc4570_0, 0, 2;
    %jmp T_3.6;
T_3.5 ;
    %pushi/vec4 0, 0, 2;
    %store/vec4 v0x55911cbc4570_0, 0, 2;
T_3.6 ;
    %jmp T_3.4;
T_3.1 ;
    %pushi/vec4 1, 0, 1;
    %store/vec4 v0x55911cc0ff20_0, 0, 1;
    %load/vec4 v0x55911cbc4470_0;
    %cmpi/e 1, 0, 1;
    %jmp/0xz  T_3.7, 4;
    %pushi/vec4 2, 0, 2;
    %store/vec4 v0x55911cbc4570_0, 0, 2;
    %jmp T_3.8;
T_3.7 ;
    %pushi/vec4 0, 0, 2;
    %store/vec4 v0x55911cbc4570_0, 0, 2;
T_3.8 ;
    %jmp T_3.4;
T_3.2 ;
    %pushi/vec4 0, 0, 1;
    %store/vec4 v0x55911cc0ff20_0, 0, 1;
    %load/vec4 v0x55911cbc4470_0;
    %cmpi/e 1, 0, 1;
    %jmp/0xz  T_3.9, 4;
    %pushi/vec4 2, 0, 2;
    %store/vec4 v0x55911cbc4570_0, 0, 2;
    %jmp T_3.10;
T_3.9 ;
    %pushi/vec4 0, 0, 2;
    %store/vec4 v0x55911cbc4570_0, 0, 2;
T_3.10 ;
    %jmp T_3.4;
T_3.3 ;
    %pushi/vec4 0, 0, 1;
    %store/vec4 v0x55911cc0ff20_0, 0, 1;
    %pushi/vec4 0, 0, 2;
    %store/vec4 v0x55911cbc4570_0, 0, 2;
    %jmp T_3.4;
T_3.4 ;
    %pop/vec4 1;
    %jmp T_3;
    .thread T_3, $push;
    .scope S_0x55911cc4e980;
T_4 ;
    %wait E_0x55911cc33db0;
    %load/vec4 v0x55911cc4f670_0;
    %flag_set/vec4 8;
    %jmp/0xz  T_4.0, 8;
    %pushi/vec4 4261412865, 0, 34;
    %concati/vec4 0, 0, 30;
    %ix/load 3, 0, 0;
    %flag_set/imm 4, 0;
    %ix/load 4, 0, 0; Constant delay
    %assign/vec4/a/d v0x55911cc4f3f0, 0, 4;
    %pushi/vec4 3212836864, 0, 32;
    %concati/vec4 1065353216, 0, 32;
    %ix/load 3, 1, 0;
    %flag_set/imm 4, 0;
    %ix/load 4, 0, 0; Constant delay
    %assign/vec4/a/d v0x55911cc4f3f0, 0, 4;
    %pushi/vec4 3269361664, 0, 32;
    %concati/vec4 1159028224, 0, 32;
    %ix/load 3, 2, 0;
    %flag_set/imm 4, 0;
    %ix/load 4, 0, 0; Constant delay
    %assign/vec4/a/d v0x55911cc4f3f0, 0, 4;
    %pushi/vec4 3603522666, 0, 33;
    %concati/vec4 1791267348, 0, 31;
    %ix/load 3, 3, 0;
    %flag_set/imm 4, 0;
    %ix/load 4, 0, 0; Constant delay
    %assign/vec4/a/d v0x55911cc4f3f0, 0, 4;
    %pushi/vec4 2870102097, 0, 34;
    %concati/vec4 717525524, 0, 30;
    %ix/load 3, 4, 0;
    %flag_set/imm 4, 0;
    %ix/load 4, 0, 0; Constant delay
    %assign/vec4/a/d v0x55911cc4f3f0, 0, 4;
    %pushi/vec4 3217450598, 0, 32;
    %concati/vec4 1070050836, 0, 32;
    %ix/load 3, 5, 0;
    %flag_set/imm 4, 0;
    %ix/load 4, 0, 0; Constant delay
    %assign/vec4/a/d v0x55911cc4f3f0, 0, 4;
    %pushi/vec4 3311791755, 0, 32;
    %concati/vec4 1164308106, 0, 32;
    %ix/load 3, 6, 0;
    %flag_set/imm 4, 0;
    %ix/load 4, 0, 0; Constant delay
    %assign/vec4/a/d v0x55911cc4f3f0, 0, 4;
    %pushi/vec4 2297732597, 0, 33;
    %concati/vec4 1148853453, 0, 31;
    %ix/load 3, 7, 0;
    %flag_set/imm 4, 0;
    %ix/load 4, 0, 0; Constant delay
    %assign/vec4/a/d v0x55911cc4f3f0, 0, 4;
    %pushi/vec4 0, 0, 64;
    %ix/load 3, 8, 0;
    %flag_set/imm 4, 0;
    %ix/load 4, 0, 0; Constant delay
    %assign/vec4/a/d v0x55911cc4f3f0, 0, 4;
    %pushi/vec4 3762430978, 0, 34;
    %concati/vec4 999328000, 0, 30;
    %ix/load 3, 9, 0;
    %flag_set/imm 4, 0;
    %ix/load 4, 0, 0; Constant delay
    %assign/vec4/a/d v0x55911cc4f3f0, 0, 4;
T_4.0 ;
    %jmp T_4;
    .thread T_4;
    .scope S_0x55911cc4e980;
T_5 ;
    %wait E_0x55911cc33db0;
    %load/vec4 v0x55911cc4f670_0;
    %flag_set/vec4 8;
    %jmp/0xz  T_5.0, 8;
    %pushi/vec4 0, 0, 4;
    %assign/vec4 v0x55911cc4f350_0, 0;
    %jmp T_5.1;
T_5.0 ;
    %load/vec4 v0x55911cc4f210_0;
    %flag_set/vec4 8;
    %jmp/0xz  T_5.2, 8;
    %load/vec4 v0x55911cc4f350_0;
    %pad/u 32;
    %cmpi/e 9, 0, 32;
    %jmp/0xz  T_5.4, 4;
    %pushi/vec4 0, 0, 4;
    %assign/vec4 v0x55911cc4f350_0, 0;
    %jmp T_5.5;
T_5.4 ;
    %load/vec4 v0x55911cc4f350_0;
    %addi 1, 0, 4;
    %assign/vec4 v0x55911cc4f350_0, 0;
T_5.5 ;
T_5.2 ;
T_5.1 ;
    %jmp T_5;
    .thread T_5;
    .scope S_0x55911cc4fc50;
T_6 ;
    %wait E_0x55911cc4feb0;
    %load/vec4 v0x55911cc50010_0;
    %parti/s 1, 24, 6;
    %flag_set/vec4 8;
    %jmp/0xz  T_6.0, 8;
    %pushi/vec4 25, 0, 23;
    %store/vec4 v0x55911cc502c0_0, 0, 23;
    %jmp T_6.1;
T_6.0 ;
    %load/vec4 v0x55911cc50010_0;
    %parti/s 1, 23, 6;
    %flag_set/vec4 8;
    %jmp/0xz  T_6.2, 8;
    %pushi/vec4 0, 0, 23;
    %store/vec4 v0x55911cc502c0_0, 0, 23;
    %jmp T_6.3;
T_6.2 ;
    %load/vec4 v0x55911cc50010_0;
    %parti/s 1, 22, 6;
    %flag_set/vec4 8;
    %jmp/0xz  T_6.4, 8;
    %pushi/vec4 1, 0, 23;
    %store/vec4 v0x55911cc502c0_0, 0, 23;
    %jmp T_6.5;
T_6.4 ;
    %load/vec4 v0x55911cc50010_0;
    %parti/s 1, 21, 6;
    %flag_set/vec4 8;
    %jmp/0xz  T_6.6, 8;
    %pushi/vec4 2, 0, 23;
    %store/vec4 v0x55911cc502c0_0, 0, 23;
    %jmp T_6.7;
T_6.6 ;
    %load/vec4 v0x55911cc50010_0;
    %parti/s 1, 20, 6;
    %flag_set/vec4 8;
    %jmp/0xz  T_6.8, 8;
    %pushi/vec4 3, 0, 23;
    %store/vec4 v0x55911cc502c0_0, 0, 23;
    %jmp T_6.9;
T_6.8 ;
    %load/vec4 v0x55911cc50010_0;
    %parti/s 1, 19, 6;
    %flag_set/vec4 8;
    %jmp/0xz  T_6.10, 8;
    %pushi/vec4 4, 0, 23;
    %store/vec4 v0x55911cc502c0_0, 0, 23;
    %jmp T_6.11;
T_6.10 ;
    %load/vec4 v0x55911cc50010_0;
    %parti/s 1, 18, 6;
    %flag_set/vec4 8;
    %jmp/0xz  T_6.12, 8;
    %pushi/vec4 5, 0, 23;
    %store/vec4 v0x55911cc502c0_0, 0, 23;
    %jmp T_6.13;
T_6.12 ;
    %load/vec4 v0x55911cc50010_0;
    %parti/s 1, 17, 6;
    %flag_set/vec4 8;
    %jmp/0xz  T_6.14, 8;
    %pushi/vec4 6, 0, 23;
    %store/vec4 v0x55911cc502c0_0, 0, 23;
    %jmp T_6.15;
T_6.14 ;
    %load/vec4 v0x55911cc50010_0;
    %parti/s 1, 16, 6;
    %flag_set/vec4 8;
    %jmp/0xz  T_6.16, 8;
    %pushi/vec4 7, 0, 23;
    %store/vec4 v0x55911cc502c0_0, 0, 23;
    %jmp T_6.17;
T_6.16 ;
    %load/vec4 v0x55911cc50010_0;
    %parti/s 1, 15, 5;
    %flag_set/vec4 8;
    %jmp/0xz  T_6.18, 8;
    %pushi/vec4 8, 0, 23;
    %store/vec4 v0x55911cc502c0_0, 0, 23;
    %jmp T_6.19;
T_6.18 ;
    %load/vec4 v0x55911cc50010_0;
    %parti/s 1, 14, 5;
    %flag_set/vec4 8;
    %jmp/0xz  T_6.20, 8;
    %pushi/vec4 9, 0, 23;
    %store/vec4 v0x55911cc502c0_0, 0, 23;
    %jmp T_6.21;
T_6.20 ;
    %load/vec4 v0x55911cc50010_0;
    %parti/s 1, 13, 5;
    %flag_set/vec4 8;
    %jmp/0xz  T_6.22, 8;
    %pushi/vec4 10, 0, 23;
    %store/vec4 v0x55911cc502c0_0, 0, 23;
    %jmp T_6.23;
T_6.22 ;
    %load/vec4 v0x55911cc50010_0;
    %parti/s 1, 12, 5;
    %flag_set/vec4 8;
    %jmp/0xz  T_6.24, 8;
    %pushi/vec4 11, 0, 23;
    %store/vec4 v0x55911cc502c0_0, 0, 23;
    %jmp T_6.25;
T_6.24 ;
    %load/vec4 v0x55911cc50010_0;
    %parti/s 1, 11, 5;
    %flag_set/vec4 8;
    %jmp/0xz  T_6.26, 8;
    %pushi/vec4 12, 0, 23;
    %store/vec4 v0x55911cc502c0_0, 0, 23;
    %jmp T_6.27;
T_6.26 ;
    %load/vec4 v0x55911cc50010_0;
    %parti/s 1, 10, 5;
    %flag_set/vec4 8;
    %jmp/0xz  T_6.28, 8;
    %pushi/vec4 13, 0, 23;
    %store/vec4 v0x55911cc502c0_0, 0, 23;
    %jmp T_6.29;
T_6.28 ;
    %load/vec4 v0x55911cc50010_0;
    %parti/s 1, 9, 5;
    %flag_set/vec4 8;
    %jmp/0xz  T_6.30, 8;
    %pushi/vec4 14, 0, 23;
    %store/vec4 v0x55911cc502c0_0, 0, 23;
    %jmp T_6.31;
T_6.30 ;
    %load/vec4 v0x55911cc50010_0;
    %parti/s 1, 8, 5;
    %flag_set/vec4 8;
    %jmp/0xz  T_6.32, 8;
    %pushi/vec4 15, 0, 23;
    %store/vec4 v0x55911cc502c0_0, 0, 23;
    %jmp T_6.33;
T_6.32 ;
    %load/vec4 v0x55911cc50010_0;
    %parti/s 1, 7, 4;
    %flag_set/vec4 8;
    %jmp/0xz  T_6.34, 8;
    %pushi/vec4 16, 0, 23;
    %store/vec4 v0x55911cc502c0_0, 0, 23;
    %jmp T_6.35;
T_6.34 ;
    %load/vec4 v0x55911cc50010_0;
    %parti/s 1, 6, 4;
    %flag_set/vec4 8;
    %jmp/0xz  T_6.36, 8;
    %pushi/vec4 17, 0, 23;
    %store/vec4 v0x55911cc502c0_0, 0, 23;
    %jmp T_6.37;
T_6.36 ;
    %load/vec4 v0x55911cc50010_0;
    %parti/s 1, 5, 4;
    %flag_set/vec4 8;
    %jmp/0xz  T_6.38, 8;
    %pushi/vec4 18, 0, 23;
    %store/vec4 v0x55911cc502c0_0, 0, 23;
    %jmp T_6.39;
T_6.38 ;
    %load/vec4 v0x55911cc50010_0;
    %parti/s 1, 4, 4;
    %flag_set/vec4 8;
    %jmp/0xz  T_6.40, 8;
    %pushi/vec4 19, 0, 23;
    %store/vec4 v0x55911cc502c0_0, 0, 23;
    %jmp T_6.41;
T_6.40 ;
    %load/vec4 v0x55911cc50010_0;
    %parti/s 1, 3, 3;
    %flag_set/vec4 8;
    %jmp/0xz  T_6.42, 8;
    %pushi/vec4 20, 0, 23;
    %store/vec4 v0x55911cc502c0_0, 0, 23;
    %jmp T_6.43;
T_6.42 ;
    %load/vec4 v0x55911cc50010_0;
    %parti/s 1, 2, 3;
    %flag_set/vec4 8;
    %jmp/0xz  T_6.44, 8;
    %pushi/vec4 21, 0, 23;
    %store/vec4 v0x55911cc502c0_0, 0, 23;
    %jmp T_6.45;
T_6.44 ;
    %load/vec4 v0x55911cc50010_0;
    %parti/s 1, 1, 2;
    %flag_set/vec4 8;
    %jmp/0xz  T_6.46, 8;
    %pushi/vec4 22, 0, 23;
    %store/vec4 v0x55911cc502c0_0, 0, 23;
    %jmp T_6.47;
T_6.46 ;
    %load/vec4 v0x55911cc50010_0;
    %parti/s 1, 0, 2;
    %flag_set/vec4 8;
    %jmp/0xz  T_6.48, 8;
    %pushi/vec4 23, 0, 23;
    %store/vec4 v0x55911cc502c0_0, 0, 23;
    %jmp T_6.49;
T_6.48 ;
    %pushi/vec4 24, 0, 23;
    %store/vec4 v0x55911cc502c0_0, 0, 23;
T_6.49 ;
T_6.47 ;
T_6.45 ;
T_6.43 ;
T_6.41 ;
T_6.39 ;
T_6.37 ;
T_6.35 ;
T_6.33 ;
T_6.31 ;
T_6.29 ;
T_6.27 ;
T_6.25 ;
T_6.23 ;
T_6.21 ;
T_6.19 ;
T_6.17 ;
T_6.15 ;
T_6.13 ;
T_6.11 ;
T_6.9 ;
T_6.7 ;
T_6.5 ;
T_6.3 ;
T_6.1 ;
    %jmp T_6;
    .thread T_6, $push;
    .scope S_0x55911cc4fc50;
T_7 ;
    %wait E_0x55911cc4fe30;
    %load/vec4 v0x55911cc502c0_0;
    %pad/u 32;
    %cmpi/e 24, 0, 32;
    %jmp/0xz  T_7.0, 4;
    %pushi/vec4 0, 0, 23;
    %store/vec4 v0x55911cc501e0_0, 0, 23;
    %pushi/vec4 0, 0, 8;
    %store/vec4 v0x55911cc500f0_0, 0, 8;
    %jmp T_7.1;
T_7.0 ;
    %load/vec4 v0x55911cc502c0_0;
    %pad/u 32;
    %cmpi/e 25, 0, 32;
    %jmp/0xz  T_7.2, 4;
    %load/vec4 v0x55911cc50010_0;
    %parti/s 23, 1, 2;
    %store/vec4 v0x55911cc501e0_0, 0, 23;
    %load/vec4 v0x55911cc4ff10_0;
    %addi 1, 0, 8;
    %store/vec4 v0x55911cc500f0_0, 0, 8;
    %jmp T_7.3;
T_7.2 ;
    %load/vec4 v0x55911cc50010_0;
    %ix/getv 4, v0x55911cc502c0_0;
    %shiftl 4;
    %pad/u 23;
    %store/vec4 v0x55911cc501e0_0, 0, 23;
    %load/vec4 v0x55911cc4ff10_0;
    %pad/u 23;
    %load/vec4 v0x55911cc502c0_0;
    %sub;
    %pad/u 8;
    %store/vec4 v0x55911cc500f0_0, 0, 8;
T_7.3 ;
T_7.1 ;
    %jmp T_7;
    .thread T_7, $push;
    .scope S_0x55911cc4f7c0;
T_8 ;
    %wait E_0x55911cc33db0;
    %load/vec4 v0x55911cc52a30_0;
    %cmpi/e 1, 0, 1;
    %jmp/0xz  T_8.0, 4;
    %pushi/vec4 0, 0, 32;
    %assign/vec4 v0x55911cc50470_0, 0;
    %pushi/vec4 0, 0, 32;
    %assign/vec4 v0x55911cc50570_0, 0;
    %pushi/vec4 0, 0, 32;
    %assign/vec4 v0x55911cc51f40_0, 0;
    %jmp T_8.1;
T_8.0 ;
    %load/vec4 v0x55911cc52210_0;
    %assign/vec4 v0x55911cc50470_0, 0;
    %load/vec4 v0x55911cc52300_0;
    %assign/vec4 v0x55911cc50570_0, 0;
    %load/vec4 v0x55911cc52b20_0;
    %assign/vec4 v0x55911cc51f40_0, 0;
T_8.1 ;
    %jmp T_8;
    .thread T_8;
    .scope S_0x55911cc4f7c0;
T_9 ;
    %wait E_0x55911cc4fbb0;
    %load/vec4 v0x55911cc50470_0;
    %parti/s 8, 23, 6;
    %store/vec4 v0x55911cc52d80_0, 0, 8;
    %load/vec4 v0x55911cc50570_0;
    %parti/s 8, 23, 6;
    %store/vec4 v0x55911cc52e60_0, 0, 8;
    %load/vec4 v0x55911cc50470_0;
    %parti/s 23, 0, 2;
    %store/vec4 v0x55911cc52f40_0, 0, 23;
    %load/vec4 v0x55911cc50570_0;
    %parti/s 23, 0, 2;
    %store/vec4 v0x55911cc53020_0, 0, 23;
    %jmp T_9;
    .thread T_9, $push;
    .scope S_0x55911cc4f7c0;
T_10 ;
    %wait E_0x55911cc4fb30;
    %load/vec4 v0x55911cc52e60_0;
    %load/vec4 v0x55911cc52d80_0;
    %cmp/u;
    %flag_mov 8, 5;
    %load/vec4 v0x55911cc52d80_0;
    %load/vec4 v0x55911cc52e60_0;
    %cmp/e;
    %flag_get/vec4 4;
    %load/vec4 v0x55911cc53020_0;
    %load/vec4 v0x55911cc52f40_0;
    %cmp/u;
    %flag_get/vec4 4;
    %flag_get/vec4 5;
    %or;
    %and;
    %flag_set/vec4 9;
    %flag_or 9, 8;
    %jmp/0xz  T_10.0, 9;
    %load/vec4 v0x55911cc50470_0;
    %parti/s 1, 31, 6;
    %store/vec4 v0x55911cc52c00_0, 0, 1;
    %load/vec4 v0x55911cc50570_0;
    %parti/s 1, 31, 6;
    %store/vec4 v0x55911cc52cc0_0, 0, 1;
    %load/vec4 v0x55911cc50470_0;
    %parti/s 8, 23, 6;
    %store/vec4 v0x55911cc51720_0, 0, 8;
    %load/vec4 v0x55911cc50570_0;
    %parti/s 8, 23, 6;
    %store/vec4 v0x55911cc517e0_0, 0, 8;
    %pushi/vec4 1, 0, 2;
    %load/vec4 v0x55911cc50470_0;
    %parti/s 23, 0, 2;
    %concat/vec4; draw_concat_vec4
    %store/vec4 v0x55911cc518c0_0, 0, 25;
    %pushi/vec4 1, 0, 2;
    %load/vec4 v0x55911cc50570_0;
    %parti/s 23, 0, 2;
    %concat/vec4; draw_concat_vec4
    %store/vec4 v0x55911cc519a0_0, 0, 25;
    %jmp T_10.1;
T_10.0 ;
    %load/vec4 v0x55911cc50570_0;
    %parti/s 1, 31, 6;
    %store/vec4 v0x55911cc52c00_0, 0, 1;
    %load/vec4 v0x55911cc50470_0;
    %parti/s 1, 31, 6;
    %store/vec4 v0x55911cc52cc0_0, 0, 1;
    %load/vec4 v0x55911cc50570_0;
    %parti/s 8, 23, 6;
    %store/vec4 v0x55911cc51720_0, 0, 8;
    %load/vec4 v0x55911cc50470_0;
    %parti/s 8, 23, 6;
    %store/vec4 v0x55911cc517e0_0, 0, 8;
    %pushi/vec4 1, 0, 2;
    %load/vec4 v0x55911cc50570_0;
    %parti/s 23, 0, 2;
    %concat/vec4; draw_concat_vec4
    %store/vec4 v0x55911cc518c0_0, 0, 25;
    %pushi/vec4 1, 0, 2;
    %load/vec4 v0x55911cc50470_0;
    %parti/s 23, 0, 2;
    %concat/vec4; draw_concat_vec4
    %store/vec4 v0x55911cc519a0_0, 0, 25;
T_10.1 ;
    %jmp T_10;
    .thread T_10, $push;
    .scope S_0x55911cc4f7c0;
T_11 ;
    %wait E_0x55911cc4faa0;
    %load/vec4 v0x55911cc519a0_0;
    %load/vec4 v0x55911cc51720_0;
    %load/vec4 v0x55911cc517e0_0;
    %sub;
    %ix/vec4 4;
    %shiftr 4;
    %store/vec4 v0x55911cc51a80_0, 0, 25;
    %jmp T_11;
    .thread T_11, $push;
    .scope S_0x55911cc4f7c0;
T_12 ;
    %wait E_0x55911cc33db0;
    %load/vec4 v0x55911cc52a30_0;
    %flag_set/vec4 8;
    %jmp/0xz  T_12.0, 8;
    %pushi/vec4 0, 0, 25;
    %assign/vec4 v0x55911cc52570_0, 0;
    %pushi/vec4 0, 0, 25;
    %assign/vec4 v0x55911cc52650_0, 0;
    %pushi/vec4 0, 0, 8;
    %assign/vec4 v0x55911cc523d0_0, 0;
    %pushi/vec4 0, 0, 8;
    %assign/vec4 v0x55911cc52490_0, 0;
    %pushi/vec4 0, 0, 1;
    %assign/vec4 v0x55911cc528b0_0, 0;
    %pushi/vec4 0, 0, 1;
    %assign/vec4 v0x55911cc52970_0, 0;
    %pushi/vec4 0, 0, 1;
    %assign/vec4 v0x55911cc52730_0, 0;
    %pushi/vec4 0, 0, 1;
    %assign/vec4 v0x55911cc527f0_0, 0;
    %jmp T_12.1;
T_12.0 ;
    %load/vec4 v0x55911cc518c0_0;
    %assign/vec4 v0x55911cc52570_0, 0;
    %load/vec4 v0x55911cc51a80_0;
    %assign/vec4 v0x55911cc52650_0, 0;
    %load/vec4 v0x55911cc51720_0;
    %assign/vec4 v0x55911cc523d0_0, 0;
    %load/vec4 v0x55911cc517e0_0;
    %assign/vec4 v0x55911cc52490_0, 0;
    %load/vec4 v0x55911cc52c00_0;
    %assign/vec4 v0x55911cc528b0_0, 0;
    %load/vec4 v0x55911cc52cc0_0;
    %assign/vec4 v0x55911cc52970_0, 0;
    %load/vec4 v0x55911cc51c20_0;
    %assign/vec4 v0x55911cc52730_0, 0;
    %load/vec4 v0x55911cc51cc0_0;
    %assign/vec4 v0x55911cc527f0_0, 0;
T_12.1 ;
    %jmp T_12;
    .thread T_12;
    .scope S_0x55911cc4f7c0;
T_13 ;
    %wait E_0x55911cc347f0;
    %load/vec4 v0x55911cc527f0_0;
    %flag_set/vec4 8;
    %jmp/0xz  T_13.0, 8;
    %load/vec4 v0x55911cc52570_0;
    %store/vec4 v0x55911cc51b60_0, 0, 25;
    %jmp T_13.1;
T_13.0 ;
    %load/vec4 v0x55911cc528b0_0;
    %load/vec4 v0x55911cc52970_0;
    %cmp/e;
    %jmp/0xz  T_13.2, 4;
    %load/vec4 v0x55911cc52570_0;
    %load/vec4 v0x55911cc52650_0;
    %add;
    %store/vec4 v0x55911cc51b60_0, 0, 25;
    %jmp T_13.3;
T_13.2 ;
    %load/vec4 v0x55911cc52570_0;
    %load/vec4 v0x55911cc52650_0;
    %sub;
    %store/vec4 v0x55911cc51b60_0, 0, 25;
T_13.3 ;
T_13.1 ;
    %jmp T_13;
    .thread T_13, $push;
    .scope S_0x55911cc4f7c0;
T_14 ;
    %wait E_0x55911cc33e30;
    %load/vec4 v0x55911cc523d0_0;
    %load/vec4 v0x55911cc52490_0;
    %cmp/e;
    %flag_get/vec4 4;
    %load/vec4 v0x55911cc51b60_0;
    %pad/u 32;
    %pushi/vec4 0, 0, 32;
    %cmp/e;
    %flag_get/vec4 4;
    %and;
    %flag_set/vec4 8;
    %jmp/0xz  T_14.0, 8;
    %pushi/vec4 0, 0, 8;
    %store/vec4 v0x55911cc51660_0, 0, 8;
    %jmp T_14.1;
T_14.0 ;
    %load/vec4 v0x55911cc523d0_0;
    %store/vec4 v0x55911cc51660_0, 0, 8;
T_14.1 ;
    %jmp T_14;
    .thread T_14, $push;
    .scope S_0x55911cc4f7c0;
T_15 ;
    %wait E_0x55911cc33df0;
    %load/vec4 v0x55911cc527f0_0;
    %flag_set/vec4 8;
    %jmp/0xz  T_15.0, 8;
    %load/vec4 v0x55911cc528b0_0;
    %load/vec4 v0x55911cc523d0_0;
    %concat/vec4; draw_concat_vec4
    %load/vec4 v0x55911cc52570_0;
    %parti/s 23, 0, 2;
    %concat/vec4; draw_concat_vec4
    %store/vec4 v0x55911cc52b20_0, 0, 32;
    %jmp T_15.1;
T_15.0 ;
    %load/vec4 v0x55911cc51b60_0;
    %pad/u 32;
    %pushi/vec4 0, 0, 32;
    %cmp/e;
    %flag_get/vec4 4;
    %load/vec4 v0x55911cc51660_0;
    %pad/u 32;
    %pushi/vec4 0, 0, 32;
    %cmp/e;
    %flag_get/vec4 4;
    %and;
    %flag_set/vec4 8;
    %jmp/0xz  T_15.2, 8;
    %pushi/vec4 0, 0, 32;
    %store/vec4 v0x55911cc52b20_0, 0, 32;
    %jmp T_15.3;
T_15.2 ;
    %load/vec4 v0x55911cc528b0_0;
    %load/vec4 v0x55911cc51d80_0;
    %concat/vec4; draw_concat_vec4
    %load/vec4 v0x55911cc51e70_0;
    %concat/vec4; draw_concat_vec4
    %store/vec4 v0x55911cc52b20_0, 0, 32;
T_15.3 ;
T_15.1 ;
    %jmp T_15;
    .thread T_15, $push;
    .scope S_0x55911cc534e0;
T_16 ;
    %wait E_0x55911cc53740;
    %load/vec4 v0x55911cc538c0_0;
    %dup/vec4;
    %pushi/vec4 0, 0, 4;
    %cmp/u;
    %jmp/1 T_16.0, 6;
    %dup/vec4;
    %pushi/vec4 1, 0, 4;
    %cmp/u;
    %jmp/1 T_16.1, 6;
    %dup/vec4;
    %pushi/vec4 2, 0, 4;
    %cmp/u;
    %jmp/1 T_16.2, 6;
    %dup/vec4;
    %pushi/vec4 3, 0, 4;
    %cmp/u;
    %jmp/1 T_16.3, 6;
    %dup/vec4;
    %pushi/vec4 4, 0, 4;
    %cmp/u;
    %jmp/1 T_16.4, 6;
    %dup/vec4;
    %pushi/vec4 5, 0, 4;
    %cmp/u;
    %jmp/1 T_16.5, 6;
    %dup/vec4;
    %pushi/vec4 6, 0, 4;
    %cmp/u;
    %jmp/1 T_16.6, 6;
    %dup/vec4;
    %pushi/vec4 7, 0, 4;
    %cmp/u;
    %jmp/1 T_16.7, 6;
    %dup/vec4;
    %pushi/vec4 8, 0, 4;
    %cmp/u;
    %jmp/1 T_16.8, 6;
    %dup/vec4;
    %pushi/vec4 9, 0, 4;
    %cmp/u;
    %jmp/1 T_16.9, 6;
    %dup/vec4;
    %pushi/vec4 10, 0, 4;
    %cmp/u;
    %jmp/1 T_16.10, 6;
    %dup/vec4;
    %pushi/vec4 11, 0, 4;
    %cmp/u;
    %jmp/1 T_16.11, 6;
    %dup/vec4;
    %pushi/vec4 12, 0, 4;
    %cmp/u;
    %jmp/1 T_16.12, 6;
    %dup/vec4;
    %pushi/vec4 13, 0, 4;
    %cmp/u;
    %jmp/1 T_16.13, 6;
    %dup/vec4;
    %pushi/vec4 14, 0, 4;
    %cmp/u;
    %jmp/1 T_16.14, 6;
    %dup/vec4;
    %pushi/vec4 15, 0, 4;
    %cmp/u;
    %jmp/1 T_16.15, 6;
    %jmp T_16.16;
T_16.0 ;
    %pushi/vec4 126, 0, 7;
    %store/vec4 v0x55911cc537c0_0, 0, 7;
    %jmp T_16.16;
T_16.1 ;
    %pushi/vec4 48, 0, 7;
    %store/vec4 v0x55911cc537c0_0, 0, 7;
    %jmp T_16.16;
T_16.2 ;
    %pushi/vec4 109, 0, 7;
    %store/vec4 v0x55911cc537c0_0, 0, 7;
    %jmp T_16.16;
T_16.3 ;
    %pushi/vec4 121, 0, 7;
    %store/vec4 v0x55911cc537c0_0, 0, 7;
    %jmp T_16.16;
T_16.4 ;
    %pushi/vec4 51, 0, 7;
    %store/vec4 v0x55911cc537c0_0, 0, 7;
    %jmp T_16.16;
T_16.5 ;
    %pushi/vec4 91, 0, 7;
    %store/vec4 v0x55911cc537c0_0, 0, 7;
    %jmp T_16.16;
T_16.6 ;
    %pushi/vec4 95, 0, 7;
    %store/vec4 v0x55911cc537c0_0, 0, 7;
    %jmp T_16.16;
T_16.7 ;
    %pushi/vec4 112, 0, 7;
    %store/vec4 v0x55911cc537c0_0, 0, 7;
    %jmp T_16.16;
T_16.8 ;
    %pushi/vec4 127, 0, 7;
    %store/vec4 v0x55911cc537c0_0, 0, 7;
    %jmp T_16.16;
T_16.9 ;
    %pushi/vec4 123, 0, 7;
    %store/vec4 v0x55911cc537c0_0, 0, 7;
    %jmp T_16.16;
T_16.10 ;
    %pushi/vec4 119, 0, 7;
    %store/vec4 v0x55911cc537c0_0, 0, 7;
    %jmp T_16.16;
T_16.11 ;
    %pushi/vec4 31, 0, 7;
    %store/vec4 v0x55911cc537c0_0, 0, 7;
    %jmp T_16.16;
T_16.12 ;
    %pushi/vec4 78, 0, 7;
    %store/vec4 v0x55911cc537c0_0, 0, 7;
    %jmp T_16.16;
T_16.13 ;
    %pushi/vec4 61, 0, 7;
    %store/vec4 v0x55911cc537c0_0, 0, 7;
    %jmp T_16.16;
T_16.14 ;
    %pushi/vec4 79, 0, 7;
    %store/vec4 v0x55911cc537c0_0, 0, 7;
    %jmp T_16.16;
T_16.15 ;
    %pushi/vec4 71, 0, 7;
    %store/vec4 v0x55911cc537c0_0, 0, 7;
    %jmp T_16.16;
T_16.16 ;
    %pop/vec4 1;
    %jmp T_16;
    .thread T_16, $push;
    .scope S_0x55911cc53a00;
T_17 ;
    %wait E_0x55911cc53c20;
    %load/vec4 v0x55911cc53da0_0;
    %dup/vec4;
    %pushi/vec4 0, 0, 4;
    %cmp/u;
    %jmp/1 T_17.0, 6;
    %dup/vec4;
    %pushi/vec4 1, 0, 4;
    %cmp/u;
    %jmp/1 T_17.1, 6;
    %dup/vec4;
    %pushi/vec4 2, 0, 4;
    %cmp/u;
    %jmp/1 T_17.2, 6;
    %dup/vec4;
    %pushi/vec4 3, 0, 4;
    %cmp/u;
    %jmp/1 T_17.3, 6;
    %dup/vec4;
    %pushi/vec4 4, 0, 4;
    %cmp/u;
    %jmp/1 T_17.4, 6;
    %dup/vec4;
    %pushi/vec4 5, 0, 4;
    %cmp/u;
    %jmp/1 T_17.5, 6;
    %dup/vec4;
    %pushi/vec4 6, 0, 4;
    %cmp/u;
    %jmp/1 T_17.6, 6;
    %dup/vec4;
    %pushi/vec4 7, 0, 4;
    %cmp/u;
    %jmp/1 T_17.7, 6;
    %dup/vec4;
    %pushi/vec4 8, 0, 4;
    %cmp/u;
    %jmp/1 T_17.8, 6;
    %dup/vec4;
    %pushi/vec4 9, 0, 4;
    %cmp/u;
    %jmp/1 T_17.9, 6;
    %dup/vec4;
    %pushi/vec4 10, 0, 4;
    %cmp/u;
    %jmp/1 T_17.10, 6;
    %dup/vec4;
    %pushi/vec4 11, 0, 4;
    %cmp/u;
    %jmp/1 T_17.11, 6;
    %dup/vec4;
    %pushi/vec4 12, 0, 4;
    %cmp/u;
    %jmp/1 T_17.12, 6;
    %dup/vec4;
    %pushi/vec4 13, 0, 4;
    %cmp/u;
    %jmp/1 T_17.13, 6;
    %dup/vec4;
    %pushi/vec4 14, 0, 4;
    %cmp/u;
    %jmp/1 T_17.14, 6;
    %dup/vec4;
    %pushi/vec4 15, 0, 4;
    %cmp/u;
    %jmp/1 T_17.15, 6;
    %jmp T_17.16;
T_17.0 ;
    %pushi/vec4 126, 0, 7;
    %store/vec4 v0x55911cc53ca0_0, 0, 7;
    %jmp T_17.16;
T_17.1 ;
    %pushi/vec4 48, 0, 7;
    %store/vec4 v0x55911cc53ca0_0, 0, 7;
    %jmp T_17.16;
T_17.2 ;
    %pushi/vec4 109, 0, 7;
    %store/vec4 v0x55911cc53ca0_0, 0, 7;
    %jmp T_17.16;
T_17.3 ;
    %pushi/vec4 121, 0, 7;
    %store/vec4 v0x55911cc53ca0_0, 0, 7;
    %jmp T_17.16;
T_17.4 ;
    %pushi/vec4 51, 0, 7;
    %store/vec4 v0x55911cc53ca0_0, 0, 7;
    %jmp T_17.16;
T_17.5 ;
    %pushi/vec4 91, 0, 7;
    %store/vec4 v0x55911cc53ca0_0, 0, 7;
    %jmp T_17.16;
T_17.6 ;
    %pushi/vec4 95, 0, 7;
    %store/vec4 v0x55911cc53ca0_0, 0, 7;
    %jmp T_17.16;
T_17.7 ;
    %pushi/vec4 112, 0, 7;
    %store/vec4 v0x55911cc53ca0_0, 0, 7;
    %jmp T_17.16;
T_17.8 ;
    %pushi/vec4 127, 0, 7;
    %store/vec4 v0x55911cc53ca0_0, 0, 7;
    %jmp T_17.16;
T_17.9 ;
    %pushi/vec4 123, 0, 7;
    %store/vec4 v0x55911cc53ca0_0, 0, 7;
    %jmp T_17.16;
T_17.10 ;
    %pushi/vec4 119, 0, 7;
    %store/vec4 v0x55911cc53ca0_0, 0, 7;
    %jmp T_17.16;
T_17.11 ;
    %pushi/vec4 31, 0, 7;
    %store/vec4 v0x55911cc53ca0_0, 0, 7;
    %jmp T_17.16;
T_17.12 ;
    %pushi/vec4 78, 0, 7;
    %store/vec4 v0x55911cc53ca0_0, 0, 7;
    %jmp T_17.16;
T_17.13 ;
    %pushi/vec4 61, 0, 7;
    %store/vec4 v0x55911cc53ca0_0, 0, 7;
    %jmp T_17.16;
T_17.14 ;
    %pushi/vec4 79, 0, 7;
    %store/vec4 v0x55911cc53ca0_0, 0, 7;
    %jmp T_17.16;
T_17.15 ;
    %pushi/vec4 71, 0, 7;
    %store/vec4 v0x55911cc53ca0_0, 0, 7;
    %jmp T_17.16;
T_17.16 ;
    %pop/vec4 1;
    %jmp T_17;
    .thread T_17, $push;
    .scope S_0x55911cc531a0;
T_18 ;
    %wait E_0x55911cc33db0;
    %load/vec4 v0x55911cc54830_0;
    %flag_set/vec4 8;
    %jmp/0xz  T_18.0, 8;
    %pushi/vec4 31, 0, 5;
    %assign/vec4 v0x55911cc544d0_0, 0;
    %jmp T_18.1;
T_18.0 ;
    %load/vec4 v0x55911cc54590_0;
    %assign/vec4 v0x55911cc544d0_0, 0;
T_18.1 ;
    %jmp T_18;
    .thread T_18;
    .scope S_0x55911cc531a0;
T_19 ;
    %wait E_0x55911cc53480;
    %load/vec4 v0x55911cc544d0_0;
    %parti/s 1, 4, 4;
    %cmpi/e 1, 0, 1;
    %jmp/0xz  T_19.0, 4;
    %pushi/vec4 0, 0, 1;
    %store/vec4 v0x55911cc540a0_0, 0, 1;
    %jmp T_19.1;
T_19.0 ;
    %pushi/vec4 1, 0, 1;
    %store/vec4 v0x55911cc540a0_0, 0, 1;
T_19.1 ;
    %jmp T_19;
    .thread T_19, $push;
    .scope S_0x55911cc531a0;
T_20 ;
    %wait E_0x55911cc53400;
    %load/vec4 v0x55911cc540a0_0;
    %cmpi/e 1, 0, 1;
    %jmp/0xz  T_20.0, 4;
    %load/vec4 v0x55911cc54670_0;
    %store/vec4 v0x55911cc53ee0_0, 0, 7;
    %jmp T_20.1;
T_20.0 ;
    %load/vec4 v0x55911cc54760_0;
    %store/vec4 v0x55911cc53ee0_0, 0, 7;
T_20.1 ;
    %jmp T_20;
    .thread T_20, $push;
    .scope S_0x55911cc54cc0;
T_21 ;
    %wait E_0x55911cc54f20;
    %load/vec4 v0x55911cc550a0_0;
    %dup/vec4;
    %pushi/vec4 0, 0, 4;
    %cmp/u;
    %jmp/1 T_21.0, 6;
    %dup/vec4;
    %pushi/vec4 1, 0, 4;
    %cmp/u;
    %jmp/1 T_21.1, 6;
    %dup/vec4;
    %pushi/vec4 2, 0, 4;
    %cmp/u;
    %jmp/1 T_21.2, 6;
    %dup/vec4;
    %pushi/vec4 3, 0, 4;
    %cmp/u;
    %jmp/1 T_21.3, 6;
    %dup/vec4;
    %pushi/vec4 4, 0, 4;
    %cmp/u;
    %jmp/1 T_21.4, 6;
    %dup/vec4;
    %pushi/vec4 5, 0, 4;
    %cmp/u;
    %jmp/1 T_21.5, 6;
    %dup/vec4;
    %pushi/vec4 6, 0, 4;
    %cmp/u;
    %jmp/1 T_21.6, 6;
    %dup/vec4;
    %pushi/vec4 7, 0, 4;
    %cmp/u;
    %jmp/1 T_21.7, 6;
    %dup/vec4;
    %pushi/vec4 8, 0, 4;
    %cmp/u;
    %jmp/1 T_21.8, 6;
    %dup/vec4;
    %pushi/vec4 9, 0, 4;
    %cmp/u;
    %jmp/1 T_21.9, 6;
    %dup/vec4;
    %pushi/vec4 10, 0, 4;
    %cmp/u;
    %jmp/1 T_21.10, 6;
    %dup/vec4;
    %pushi/vec4 11, 0, 4;
    %cmp/u;
    %jmp/1 T_21.11, 6;
    %dup/vec4;
    %pushi/vec4 12, 0, 4;
    %cmp/u;
    %jmp/1 T_21.12, 6;
    %dup/vec4;
    %pushi/vec4 13, 0, 4;
    %cmp/u;
    %jmp/1 T_21.13, 6;
    %dup/vec4;
    %pushi/vec4 14, 0, 4;
    %cmp/u;
    %jmp/1 T_21.14, 6;
    %dup/vec4;
    %pushi/vec4 15, 0, 4;
    %cmp/u;
    %jmp/1 T_21.15, 6;
    %jmp T_21.16;
T_21.0 ;
    %pushi/vec4 126, 0, 7;
    %store/vec4 v0x55911cc54fa0_0, 0, 7;
    %jmp T_21.16;
T_21.1 ;
    %pushi/vec4 48, 0, 7;
    %store/vec4 v0x55911cc54fa0_0, 0, 7;
    %jmp T_21.16;
T_21.2 ;
    %pushi/vec4 109, 0, 7;
    %store/vec4 v0x55911cc54fa0_0, 0, 7;
    %jmp T_21.16;
T_21.3 ;
    %pushi/vec4 121, 0, 7;
    %store/vec4 v0x55911cc54fa0_0, 0, 7;
    %jmp T_21.16;
T_21.4 ;
    %pushi/vec4 51, 0, 7;
    %store/vec4 v0x55911cc54fa0_0, 0, 7;
    %jmp T_21.16;
T_21.5 ;
    %pushi/vec4 91, 0, 7;
    %store/vec4 v0x55911cc54fa0_0, 0, 7;
    %jmp T_21.16;
T_21.6 ;
    %pushi/vec4 95, 0, 7;
    %store/vec4 v0x55911cc54fa0_0, 0, 7;
    %jmp T_21.16;
T_21.7 ;
    %pushi/vec4 112, 0, 7;
    %store/vec4 v0x55911cc54fa0_0, 0, 7;
    %jmp T_21.16;
T_21.8 ;
    %pushi/vec4 127, 0, 7;
    %store/vec4 v0x55911cc54fa0_0, 0, 7;
    %jmp T_21.16;
T_21.9 ;
    %pushi/vec4 123, 0, 7;
    %store/vec4 v0x55911cc54fa0_0, 0, 7;
    %jmp T_21.16;
T_21.10 ;
    %pushi/vec4 119, 0, 7;
    %store/vec4 v0x55911cc54fa0_0, 0, 7;
    %jmp T_21.16;
T_21.11 ;
    %pushi/vec4 31, 0, 7;
    %store/vec4 v0x55911cc54fa0_0, 0, 7;
    %jmp T_21.16;
T_21.12 ;
    %pushi/vec4 78, 0, 7;
    %store/vec4 v0x55911cc54fa0_0, 0, 7;
    %jmp T_21.16;
T_21.13 ;
    %pushi/vec4 61, 0, 7;
    %store/vec4 v0x55911cc54fa0_0, 0, 7;
    %jmp T_21.16;
T_21.14 ;
    %pushi/vec4 79, 0, 7;
    %store/vec4 v0x55911cc54fa0_0, 0, 7;
    %jmp T_21.16;
T_21.15 ;
    %pushi/vec4 71, 0, 7;
    %store/vec4 v0x55911cc54fa0_0, 0, 7;
    %jmp T_21.16;
T_21.16 ;
    %pop/vec4 1;
    %jmp T_21;
    .thread T_21, $push;
    .scope S_0x55911cc551e0;
T_22 ;
    %wait E_0x55911cc55400;
    %load/vec4 v0x55911cc55580_0;
    %dup/vec4;
    %pushi/vec4 0, 0, 4;
    %cmp/u;
    %jmp/1 T_22.0, 6;
    %dup/vec4;
    %pushi/vec4 1, 0, 4;
    %cmp/u;
    %jmp/1 T_22.1, 6;
    %dup/vec4;
    %pushi/vec4 2, 0, 4;
    %cmp/u;
    %jmp/1 T_22.2, 6;
    %dup/vec4;
    %pushi/vec4 3, 0, 4;
    %cmp/u;
    %jmp/1 T_22.3, 6;
    %dup/vec4;
    %pushi/vec4 4, 0, 4;
    %cmp/u;
    %jmp/1 T_22.4, 6;
    %dup/vec4;
    %pushi/vec4 5, 0, 4;
    %cmp/u;
    %jmp/1 T_22.5, 6;
    %dup/vec4;
    %pushi/vec4 6, 0, 4;
    %cmp/u;
    %jmp/1 T_22.6, 6;
    %dup/vec4;
    %pushi/vec4 7, 0, 4;
    %cmp/u;
    %jmp/1 T_22.7, 6;
    %dup/vec4;
    %pushi/vec4 8, 0, 4;
    %cmp/u;
    %jmp/1 T_22.8, 6;
    %dup/vec4;
    %pushi/vec4 9, 0, 4;
    %cmp/u;
    %jmp/1 T_22.9, 6;
    %dup/vec4;
    %pushi/vec4 10, 0, 4;
    %cmp/u;
    %jmp/1 T_22.10, 6;
    %dup/vec4;
    %pushi/vec4 11, 0, 4;
    %cmp/u;
    %jmp/1 T_22.11, 6;
    %dup/vec4;
    %pushi/vec4 12, 0, 4;
    %cmp/u;
    %jmp/1 T_22.12, 6;
    %dup/vec4;
    %pushi/vec4 13, 0, 4;
    %cmp/u;
    %jmp/1 T_22.13, 6;
    %dup/vec4;
    %pushi/vec4 14, 0, 4;
    %cmp/u;
    %jmp/1 T_22.14, 6;
    %dup/vec4;
    %pushi/vec4 15, 0, 4;
    %cmp/u;
    %jmp/1 T_22.15, 6;
    %jmp T_22.16;
T_22.0 ;
    %pushi/vec4 126, 0, 7;
    %store/vec4 v0x55911cc55480_0, 0, 7;
    %jmp T_22.16;
T_22.1 ;
    %pushi/vec4 48, 0, 7;
    %store/vec4 v0x55911cc55480_0, 0, 7;
    %jmp T_22.16;
T_22.2 ;
    %pushi/vec4 109, 0, 7;
    %store/vec4 v0x55911cc55480_0, 0, 7;
    %jmp T_22.16;
T_22.3 ;
    %pushi/vec4 121, 0, 7;
    %store/vec4 v0x55911cc55480_0, 0, 7;
    %jmp T_22.16;
T_22.4 ;
    %pushi/vec4 51, 0, 7;
    %store/vec4 v0x55911cc55480_0, 0, 7;
    %jmp T_22.16;
T_22.5 ;
    %pushi/vec4 91, 0, 7;
    %store/vec4 v0x55911cc55480_0, 0, 7;
    %jmp T_22.16;
T_22.6 ;
    %pushi/vec4 95, 0, 7;
    %store/vec4 v0x55911cc55480_0, 0, 7;
    %jmp T_22.16;
T_22.7 ;
    %pushi/vec4 112, 0, 7;
    %store/vec4 v0x55911cc55480_0, 0, 7;
    %jmp T_22.16;
T_22.8 ;
    %pushi/vec4 127, 0, 7;
    %store/vec4 v0x55911cc55480_0, 0, 7;
    %jmp T_22.16;
T_22.9 ;
    %pushi/vec4 123, 0, 7;
    %store/vec4 v0x55911cc55480_0, 0, 7;
    %jmp T_22.16;
T_22.10 ;
    %pushi/vec4 119, 0, 7;
    %store/vec4 v0x55911cc55480_0, 0, 7;
    %jmp T_22.16;
T_22.11 ;
    %pushi/vec4 31, 0, 7;
    %store/vec4 v0x55911cc55480_0, 0, 7;
    %jmp T_22.16;
T_22.12 ;
    %pushi/vec4 78, 0, 7;
    %store/vec4 v0x55911cc55480_0, 0, 7;
    %jmp T_22.16;
T_22.13 ;
    %pushi/vec4 61, 0, 7;
    %store/vec4 v0x55911cc55480_0, 0, 7;
    %jmp T_22.16;
T_22.14 ;
    %pushi/vec4 79, 0, 7;
    %store/vec4 v0x55911cc55480_0, 0, 7;
    %jmp T_22.16;
T_22.15 ;
    %pushi/vec4 71, 0, 7;
    %store/vec4 v0x55911cc55480_0, 0, 7;
    %jmp T_22.16;
T_22.16 ;
    %pop/vec4 1;
    %jmp T_22;
    .thread T_22, $push;
    .scope S_0x55911cc54980;
T_23 ;
    %wait E_0x55911cc33db0;
    %load/vec4 v0x55911cc55fe0_0;
    %flag_set/vec4 8;
    %jmp/0xz  T_23.0, 8;
    %pushi/vec4 31, 0, 5;
    %assign/vec4 v0x55911cc55c80_0, 0;
    %jmp T_23.1;
T_23.0 ;
    %load/vec4 v0x55911cc55d40_0;
    %assign/vec4 v0x55911cc55c80_0, 0;
T_23.1 ;
    %jmp T_23;
    .thread T_23;
    .scope S_0x55911cc54980;
T_24 ;
    %wait E_0x55911cc54c60;
    %load/vec4 v0x55911cc55c80_0;
    %parti/s 1, 4, 4;
    %cmpi/e 1, 0, 1;
    %jmp/0xz  T_24.0, 4;
    %pushi/vec4 0, 0, 1;
    %store/vec4 v0x55911cc55880_0, 0, 1;
    %jmp T_24.1;
T_24.0 ;
    %pushi/vec4 1, 0, 1;
    %store/vec4 v0x55911cc55880_0, 0, 1;
T_24.1 ;
    %jmp T_24;
    .thread T_24, $push;
    .scope S_0x55911cc54980;
T_25 ;
    %wait E_0x55911cc54be0;
    %load/vec4 v0x55911cc55880_0;
    %cmpi/e 1, 0, 1;
    %jmp/0xz  T_25.0, 4;
    %load/vec4 v0x55911cc55e20_0;
    %store/vec4 v0x55911cc556c0_0, 0, 7;
    %jmp T_25.1;
T_25.0 ;
    %load/vec4 v0x55911cc55f10_0;
    %store/vec4 v0x55911cc556c0_0, 0, 7;
T_25.1 ;
    %jmp T_25;
    .thread T_25, $push;
    .scope S_0x55911cc2c670;
T_26 ;
    %pushi/vec4 0, 0, 1;
    %store/vec4 v0x55911cc57d00_0, 0, 1;
    %pushi/vec4 0, 0, 1;
    %store/vec4 v0x55911cc584f0_0, 0, 1;
    %delay 20000, 0;
    %pushi/vec4 1, 0, 1;
    %store/vec4 v0x55911cc584f0_0, 0, 1;
    %delay 20000, 0;
    %pushi/vec4 0, 0, 1;
    %store/vec4 v0x55911cc584f0_0, 0, 1;
    %vpi_call 2 33 "$display", "Starting testbench" {0 0 0};
    %delay 20000, 0;
    %vpi_call 2 34 "$display", "LED values: %b %b %b %b %b %b %b", v0x55911cc56130_0, v0x55911cc56470_0, v0x55911cc566f0_0, v0x55911cc56a60_0, v0x55911cc56bc0_0, v0x55911cc56d40_0, v0x55911cc56fb0_0 {0 0 0};
    %delay 200000, 0;
    %vpi_call 2 35 "$display", "LED values: %b %b %b %b %b %b %b", v0x55911cc56130_0, v0x55911cc56470_0, v0x55911cc566f0_0, v0x55911cc56a60_0, v0x55911cc56bc0_0, v0x55911cc56d40_0, v0x55911cc56fb0_0 {0 0 0};
    %vpi_call 2 36 "$monitor", "LED1 values: %b %b %b %b %b %b %b", v0x55911cc56130_0, v0x55911cc56470_0, v0x55911cc566f0_0, v0x55911cc56a60_0, v0x55911cc56bc0_0, v0x55911cc56d40_0, v0x55911cc56fb0_0 {0 0 0};
    %delay 20000000, 0;
    %vpi_call 2 39 "$finish" {0 0 0};
    %end;
    .thread T_26;
    .scope S_0x55911cc2c670;
T_27 ;
    %delay 10000, 0;
    %load/vec4 v0x55911cc57d00_0;
    %inv;
    %store/vec4 v0x55911cc57d00_0, 0, 1;
    %jmp T_27;
    .thread T_27;
# The file index is used to find the file name in the following table.
:file_names 9;
    "N/A";
    "<interactive>";
    "testbench.v";
    "fpadd_system.v";
    "button_control.v";
    "DataMemory.v";
    "fpadd_pipelined.v";
    "fp_normalizer.v";
    "sevenSegDispDriver.v";
