#! /opt/homebrew/Cellar/icarus-verilog/11.0/bin/vvp
:ivl_version "11.0 (stable)";
:ivl_delay_selection "TYPICAL";
:vpi_time_precision - 12;
:vpi_module "/opt/homebrew/Cellar/icarus-verilog/11.0/lib/ivl/system.vpi";
:vpi_module "/opt/homebrew/Cellar/icarus-verilog/11.0/lib/ivl/vhdl_sys.vpi";
:vpi_module "/opt/homebrew/Cellar/icarus-verilog/11.0/lib/ivl/vhdl_textio.vpi";
:vpi_module "/opt/homebrew/Cellar/icarus-verilog/11.0/lib/ivl/v2005_math.vpi";
:vpi_module "/opt/homebrew/Cellar/icarus-verilog/11.0/lib/ivl/va_math.vpi";
S_0x12d64dad0 .scope module, "testbench" "testbench" 2 20;
 .timescale -9 -12;
P_0x12d61d940 .param/l "NUM" 0 2 21, +C4<00000000000000000000000000001010>;
v0x12d664e10_0 .net "a0", 0 0, L_0x12d666360;  1 drivers
v0x12d654070_0 .net "a1", 0 0, L_0x12d666e10;  1 drivers
v0x12d664ec0_0 .net "an0", 0 0, v0x12d65f9a0_0;  1 drivers
v0x12d664fd0_0 .net "an1", 0 0, v0x12d65fa40_0;  1 drivers
v0x12d6650e0_0 .net "b0", 0 0, L_0x12d666400;  1 drivers
v0x12d665170_0 .net "b1", 0 0, L_0x12d666eb0;  1 drivers
v0x12d665200_0 .net "c0", 0 0, L_0x12d666550;  1 drivers
v0x12d665290_0 .net "c1", 0 0, L_0x12d667000;  1 drivers
v0x12d665320_0 .var "clk", 0 0;
v0x12d665430_0 .net "d0", 0 0, L_0x12d666630;  1 drivers
v0x12d6654e0_0 .net "d1", 0 0, L_0x12d6670e0;  1 drivers
v0x12d665570_0 .net "e0", 0 0, L_0x12d666790;  1 drivers
v0x12d665600_0 .net "e1", 0 0, L_0x12d667280;  1 drivers
v0x12d6656b0_0 .net "f0", 0 0, L_0x12d666870;  1 drivers
v0x12d665760_0 .net "f1", 0 0, L_0x12d667320;  1 drivers
v0x12d6657f0_0 .net "fp0", 0 0, L_0x12d666a30;  1 drivers
v0x12d6658a0_0 .net "fp1", 0 0, L_0x12d6674f0;  1 drivers
v0x12d665a30_0 .net "g0", 0 0, L_0x12d666950;  1 drivers
v0x12d665ac0_0 .net "g1", 0 0, L_0x12d667450;  1 drivers
v0x12d665b50_0 .net "out", 7 0, L_0x12d665cc0;  1 drivers
v0x12d665be0_0 .var "rst", 0 0;
S_0x12d652740 .scope module, "DUT2" "fpadd_system" 2 45, 3 6 0, S_0x12d64dad0;
 .timescale -9 -12;
    .port_info 0 /INPUT 1 "clk";
    .port_info 1 /INPUT 1 "rst";
    .port_info 2 /OUTPUT 8 "leds";
    .port_info 3 /OUTPUT 1 "an0";
    .port_info 4 /OUTPUT 1 "a0";
    .port_info 5 /OUTPUT 1 "b0";
    .port_info 6 /OUTPUT 1 "c0";
    .port_info 7 /OUTPUT 1 "d0";
    .port_info 8 /OUTPUT 1 "e0";
    .port_info 9 /OUTPUT 1 "f0";
    .port_info 10 /OUTPUT 1 "g0";
    .port_info 11 /OUTPUT 1 "fp0";
    .port_info 12 /OUTPUT 1 "an1";
    .port_info 13 /OUTPUT 1 "a1";
    .port_info 14 /OUTPUT 1 "b1";
    .port_info 15 /OUTPUT 1 "c1";
    .port_info 16 /OUTPUT 1 "d1";
    .port_info 17 /OUTPUT 1 "e1";
    .port_info 18 /OUTPUT 1 "f1";
    .port_info 19 /OUTPUT 1 "g1";
    .port_info 20 /OUTPUT 1 "fp1";
v0x12d663bd0_0 .net "a0", 0 0, L_0x12d666360;  alias, 1 drivers
v0x12d663c80_0 .net "a1", 0 0, L_0x12d666e10;  alias, 1 drivers
v0x12d663d20_0 .net "an0", 0 0, v0x12d65f9a0_0;  alias, 1 drivers
v0x12d663db0_0 .net "an1", 0 0, v0x12d65fa40_0;  alias, 1 drivers
v0x12d663e40_0 .net "b0", 0 0, L_0x12d666400;  alias, 1 drivers
v0x12d663f10_0 .net "b1", 0 0, L_0x12d666eb0;  alias, 1 drivers
v0x12d663fb0_0 .net "c0", 0 0, L_0x12d666550;  alias, 1 drivers
v0x12d664050_0 .net "c1", 0 0, L_0x12d667000;  alias, 1 drivers
v0x12d6640f0_0 .net "char0", 7 0, L_0x12d665de0;  1 drivers
v0x12d664220_0 .net "char1", 7 0, L_0x12d665ec0;  1 drivers
v0x12d6642b0_0 .net "clk", 0 0, v0x12d665320_0;  1 drivers
v0x12d664380_0 .net "d0", 0 0, L_0x12d666630;  alias, 1 drivers
v0x12d664410_0 .net "d1", 0 0, L_0x12d6670e0;  alias, 1 drivers
v0x12d6644a0_0 .net "e0", 0 0, L_0x12d666790;  alias, 1 drivers
v0x12d664530_0 .net "e1", 0 0, L_0x12d667280;  alias, 1 drivers
v0x12d6645c0_0 .net "f0", 0 0, L_0x12d666870;  alias, 1 drivers
v0x12d664660_0 .net "f1", 0 0, L_0x12d667320;  alias, 1 drivers
v0x12d6647f0_0 .net "fp0", 0 0, L_0x12d666a30;  alias, 1 drivers
v0x12d664880_0 .net "fp1", 0 0, L_0x12d6674f0;  alias, 1 drivers
v0x12d664920_0 .net "fp_out", 31 0, v0x12d661350_0;  1 drivers
v0x12d6649e0_0 .net "g0", 0 0, L_0x12d666950;  alias, 1 drivers
v0x12d664a70_0 .net "g1", 0 0, L_0x12d667450;  alias, 1 drivers
v0x12d664b00_0 .net "leds", 7 0, L_0x12d665cc0;  alias, 1 drivers
v0x12d664b90_0 .net "rst", 0 0, v0x12d665be0_0;  1 drivers
L_0x12d665cc0 .part v0x12d661350_0, 0, 8;
L_0x12d665de0 .part v0x12d661350_0, 24, 8;
L_0x12d665ec0 .part v0x12d661350_0, 16, 8;
L_0x12d666360 .part v0x12d6625d0_0, 7, 1;
L_0x12d666400 .part v0x12d6625d0_0, 6, 1;
L_0x12d666550 .part v0x12d6625d0_0, 5, 1;
L_0x12d666630 .part v0x12d6625d0_0, 4, 1;
L_0x12d666790 .part v0x12d6625d0_0, 3, 1;
L_0x12d666870 .part v0x12d6625d0_0, 2, 1;
L_0x12d666950 .part v0x12d6625d0_0, 1, 1;
L_0x12d666a30 .part v0x12d6625d0_0, 0, 1;
L_0x12d666e10 .part v0x12d6635c0_0, 7, 1;
L_0x12d666eb0 .part v0x12d6635c0_0, 6, 1;
L_0x12d667000 .part v0x12d6635c0_0, 5, 1;
L_0x12d6670e0 .part v0x12d6635c0_0, 4, 1;
L_0x12d667280 .part v0x12d6635c0_0, 3, 1;
L_0x12d667320 .part v0x12d6635c0_0, 2, 1;
L_0x12d667450 .part v0x12d6635c0_0, 1, 1;
L_0x12d6674f0 .part v0x12d6635c0_0, 0, 1;
S_0x12d61bf20 .scope module, "anodeDriver" "anodeDriver" 3 27, 4 5 0, S_0x12d652740;
 .timescale -9 -12;
    .port_info 0 /INPUT 1 "reset";
    .port_info 1 /INPUT 1 "clk";
    .port_info 2 /OUTPUT 1 "an0";
    .port_info 3 /OUTPUT 1 "an1";
L_0x1300780a0 .functor BUFT 1, C4<00001>, C4<0>, C4<0>, C4<0>;
v0x12d640f60_0 .net/2u *"_ivl_0", 4 0, L_0x1300780a0;  1 drivers
v0x12d65f9a0_0 .var "an0", 0 0;
v0x12d65fa40_0 .var "an1", 0 0;
v0x12d65faf0_0 .net "clk", 0 0, v0x12d665320_0;  alias, 1 drivers
v0x12d65fb90_0 .var "count", 4 0;
v0x12d65fc80_0 .net "countNext", 4 0, L_0x12d666020;  1 drivers
v0x12d65fd30_0 .net "reset", 0 0, v0x12d665be0_0;  alias, 1 drivers
E_0x12d651f50 .event edge, v0x12d65fb90_0;
E_0x12d652030 .event posedge, v0x12d65fd30_0, v0x12d65faf0_0;
L_0x12d666020 .arith/sub 5, v0x12d65fb90_0, L_0x1300780a0;
S_0x12d65fe10 .scope module, "fpadd_pipelined" "fpadd_pipelined" 3 20, 5 17 0, S_0x12d652740;
 .timescale -9 -12;
    .port_info 0 /INPUT 1 "clk";
    .port_info 1 /INPUT 1 "reset";
    .port_info 2 /INPUT 32 "reg_A";
    .port_info 3 /INPUT 32 "reg_B";
    .port_info 4 /OUTPUT 32 "out";
v0x12d660930_0 .var "A", 31 0;
v0x12d6609f0_0 .var "B", 31 0;
v0x12d660a90_0 .var "NORMMEM_exp", 7 0;
v0x12d660b60_0 .var "NORMMEM_mantissa_temp", 24 0;
v0x12d660c10_0 .net "clk", 0 0, v0x12d665320_0;  alias, 1 drivers
v0x12d660ce0_0 .var "exp", 7 0;
v0x12d660d70_0 .var "exp_A", 7 0;
v0x12d660e10_0 .var "exp_B", 7 0;
v0x12d660ec0_0 .var "mantissa_A", 24 0;
v0x12d660ff0_0 .var "mantissa_B", 24 0;
v0x12d6610a0_0 .var "mantissa_B_shifted", 24 0;
v0x12d661150_0 .var "mantissa_temp", 24 0;
v0x12d661200_0 .net "normalized_exp", 7 0, v0x12d660690_0;  1 drivers
v0x12d6612c0_0 .net "normalized_mantissa", 22 0, v0x12d660750_0;  1 drivers
v0x12d661350_0 .var "out", 31 0;
L_0x130078010 .functor BUFT 1, C4<01101011010010110010001101010011>, C4<0>, C4<0>, C4<0>;
v0x12d6613e0_0 .net "reg_A", 31 0, L_0x130078010;  1 drivers
L_0x130078058 .functor BUFT 1, C4<01101010110001001001001000010100>, C4<0>, C4<0>, C4<0>;
v0x12d661480_0 .net "reg_B", 31 0, L_0x130078058;  1 drivers
v0x12d661630_0 .net "reset", 0 0, v0x12d665be0_0;  alias, 1 drivers
v0x12d6616e0_0 .var "result", 31 0;
v0x12d661770_0 .var "sign_A", 0 0;
v0x12d661800_0 .var "sign_B", 0 0;
v0x12d661890_0 .var "temp_exp_A", 7 0;
v0x12d661920_0 .var "temp_exp_B", 7 0;
v0x12d6619b0_0 .var "temp_mantissa_A", 22 0;
v0x12d661a50_0 .var "temp_mantissa_B", 22 0;
E_0x12d660090/0 .event edge, v0x12d661770_0, v0x12d660ce0_0, v0x12d661150_0, v0x12d6609f0_0;
E_0x12d660090/1 .event edge, v0x12d660930_0, v0x12d660750_0, v0x12d660690_0;
E_0x12d660090 .event/or E_0x12d660090/0, E_0x12d660090/1;
E_0x12d660100/0 .event edge, v0x12d661800_0, v0x12d661770_0, v0x12d661150_0, v0x12d660e10_0;
E_0x12d660100/1 .event edge, v0x12d660d70_0;
E_0x12d660100 .event/or E_0x12d660100/0, E_0x12d660100/1;
E_0x12d660160 .event edge, v0x12d661800_0, v0x12d661770_0, v0x12d6610a0_0, v0x12d660ec0_0;
E_0x12d6601b0 .event edge, v0x12d660e10_0, v0x12d660d70_0, v0x12d660ff0_0;
E_0x12d660200 .event edge, v0x12d6609f0_0, v0x12d660930_0;
S_0x12d660260 .scope module, "fp_normalizer" "fp_normalizer" 5 116, 6 1 0, S_0x12d65fe10;
 .timescale -9 -12;
    .port_info 0 /INPUT 25 "mantissa_temp";
    .port_info 1 /INPUT 8 "exp";
    .port_info 2 /OUTPUT 23 "normalized_mantissa";
    .port_info 3 /OUTPUT 8 "normalized_exp";
v0x12d660520_0 .net "exp", 7 0, v0x12d660a90_0;  1 drivers
v0x12d6605e0_0 .net "mantissa_temp", 24 0, v0x12d660b60_0;  1 drivers
v0x12d660690_0 .var "normalized_exp", 7 0;
v0x12d660750_0 .var "normalized_mantissa", 22 0;
v0x12d660800_0 .var "zero_count", 22 0;
E_0x12d660490 .event edge, v0x12d660800_0, v0x12d6605e0_0;
E_0x12d6604e0 .event edge, v0x12d660520_0, v0x12d6605e0_0;
S_0x12d661b80 .scope module, "sevenSegDispDriver0" "sevenSegDispDriver" 3 30, 7 33 0, S_0x12d652740;
 .timescale -9 -12;
    .port_info 0 /INPUT 8 "char";
    .port_info 1 /INPUT 1 "an0";
    .port_info 2 /INPUT 1 "an1";
    .port_info 3 /OUTPUT 8 "LED";
v0x12d6625d0_0 .var "LED", 7 0;
v0x12d662680_0 .net "an0", 0 0, v0x12d65f9a0_0;  alias, 1 drivers
v0x12d662740_0 .net "an1", 0 0, v0x12d65fa40_0;  alias, 1 drivers
v0x12d662810_0 .net "char", 7 0, L_0x12d665de0;  alias, 1 drivers
v0x12d6628a0_0 .net "char0", 3 0, L_0x12d666120;  1 drivers
v0x12d662970_0 .net "char1", 3 0, L_0x12d666200;  1 drivers
v0x12d662a20_0 .net "digit1", 7 0, v0x12d662050_0;  1 drivers
v0x12d662ad0_0 .net "digit2", 7 0, v0x12d662430_0;  1 drivers
E_0x12d661dc0 .event edge, v0x12d65fa40_0, v0x12d65f9a0_0;
L_0x12d666120 .part L_0x12d665de0, 4, 4;
L_0x12d666200 .part L_0x12d665de0, 0, 4;
S_0x12d661df0 .scope module, "LEDdecoder0" "LEDdecoder" 7 45, 7 5 0, S_0x12d661b80;
 .timescale -9 -12;
    .port_info 0 /INPUT 4 "char";
    .port_info 1 /OUTPUT 8 "LED";
v0x12d662050_0 .var "LED", 7 0;
v0x12d662110_0 .net "char", 3 0, L_0x12d666120;  alias, 1 drivers
E_0x12d662000 .event edge, v0x12d662110_0;
S_0x12d6621f0 .scope module, "LEDdecoder1" "LEDdecoder" 7 46, 7 5 0, S_0x12d661b80;
 .timescale -9 -12;
    .port_info 0 /INPUT 4 "char";
    .port_info 1 /OUTPUT 8 "LED";
v0x12d662430_0 .var "LED", 7 0;
v0x12d6624f0_0 .net "char", 3 0, L_0x12d666200;  alias, 1 drivers
E_0x12d6623e0 .event edge, v0x12d6624f0_0;
S_0x12d662bc0 .scope module, "sevenSegDispDriver1" "sevenSegDispDriver" 3 33, 7 33 0, S_0x12d652740;
 .timescale -9 -12;
    .port_info 0 /INPUT 8 "char";
    .port_info 1 /INPUT 1 "an0";
    .port_info 2 /INPUT 1 "an1";
    .port_info 3 /OUTPUT 8 "LED";
v0x12d6635c0_0 .var "LED", 7 0;
v0x12d663670_0 .net "an0", 0 0, v0x12d65f9a0_0;  alias, 1 drivers
v0x12d663750_0 .net "an1", 0 0, v0x12d65fa40_0;  alias, 1 drivers
v0x12d663820_0 .net "char", 7 0, L_0x12d665ec0;  alias, 1 drivers
v0x12d6638b0_0 .net "char0", 3 0, L_0x12d666c10;  1 drivers
v0x12d663980_0 .net "char1", 3 0, L_0x12d666cf0;  1 drivers
v0x12d663a30_0 .net "digit1", 7 0, v0x12d663040_0;  1 drivers
v0x12d663ae0_0 .net "digit2", 7 0, v0x12d663420_0;  1 drivers
L_0x12d666c10 .part L_0x12d665ec0, 4, 4;
L_0x12d666cf0 .part L_0x12d665ec0, 0, 4;
S_0x12d662de0 .scope module, "LEDdecoder0" "LEDdecoder" 7 45, 7 5 0, S_0x12d662bc0;
 .timescale -9 -12;
    .port_info 0 /INPUT 4 "char";
    .port_info 1 /OUTPUT 8 "LED";
v0x12d663040_0 .var "LED", 7 0;
v0x12d663100_0 .net "char", 3 0, L_0x12d666c10;  alias, 1 drivers
E_0x12d662ff0 .event edge, v0x12d663100_0;
S_0x12d6631e0 .scope module, "LEDdecoder1" "LEDdecoder" 7 46, 7 5 0, S_0x12d662bc0;
 .timescale -9 -12;
    .port_info 0 /INPUT 4 "char";
    .port_info 1 /OUTPUT 8 "LED";
v0x12d663420_0 .var "LED", 7 0;
v0x12d6634e0_0 .net "char", 3 0, L_0x12d666cf0;  alias, 1 drivers
E_0x12d6633d0 .event edge, v0x12d6634e0_0;
    .scope S_0x12d660260;
T_0 ;
    %wait E_0x12d6604e0;
    %load/vec4 v0x12d6605e0_0;
    %parti/s 1, 24, 6;
    %flag_set/vec4 8;
    %jmp/0xz  T_0.0, 8;
    %pushi/vec4 25, 0, 23;
    %store/vec4 v0x12d660800_0, 0, 23;
    %jmp T_0.1;
T_0.0 ;
    %load/vec4 v0x12d6605e0_0;
    %parti/s 1, 23, 6;
    %flag_set/vec4 8;
    %jmp/0xz  T_0.2, 8;
    %pushi/vec4 0, 0, 23;
    %store/vec4 v0x12d660800_0, 0, 23;
    %jmp T_0.3;
T_0.2 ;
    %load/vec4 v0x12d6605e0_0;
    %parti/s 1, 22, 6;
    %flag_set/vec4 8;
    %jmp/0xz  T_0.4, 8;
    %pushi/vec4 1, 0, 23;
    %store/vec4 v0x12d660800_0, 0, 23;
    %jmp T_0.5;
T_0.4 ;
    %load/vec4 v0x12d6605e0_0;
    %parti/s 1, 21, 6;
    %flag_set/vec4 8;
    %jmp/0xz  T_0.6, 8;
    %pushi/vec4 2, 0, 23;
    %store/vec4 v0x12d660800_0, 0, 23;
    %jmp T_0.7;
T_0.6 ;
    %load/vec4 v0x12d6605e0_0;
    %parti/s 1, 20, 6;
    %flag_set/vec4 8;
    %jmp/0xz  T_0.8, 8;
    %pushi/vec4 3, 0, 23;
    %store/vec4 v0x12d660800_0, 0, 23;
    %jmp T_0.9;
T_0.8 ;
    %load/vec4 v0x12d6605e0_0;
    %parti/s 1, 19, 6;
    %flag_set/vec4 8;
    %jmp/0xz  T_0.10, 8;
    %pushi/vec4 4, 0, 23;
    %store/vec4 v0x12d660800_0, 0, 23;
    %jmp T_0.11;
T_0.10 ;
    %load/vec4 v0x12d6605e0_0;
    %parti/s 1, 18, 6;
    %flag_set/vec4 8;
    %jmp/0xz  T_0.12, 8;
    %pushi/vec4 5, 0, 23;
    %store/vec4 v0x12d660800_0, 0, 23;
    %jmp T_0.13;
T_0.12 ;
    %load/vec4 v0x12d6605e0_0;
    %parti/s 1, 17, 6;
    %flag_set/vec4 8;
    %jmp/0xz  T_0.14, 8;
    %pushi/vec4 6, 0, 23;
    %store/vec4 v0x12d660800_0, 0, 23;
    %jmp T_0.15;
T_0.14 ;
    %load/vec4 v0x12d6605e0_0;
    %parti/s 1, 16, 6;
    %flag_set/vec4 8;
    %jmp/0xz  T_0.16, 8;
    %pushi/vec4 7, 0, 23;
    %store/vec4 v0x12d660800_0, 0, 23;
    %jmp T_0.17;
T_0.16 ;
    %load/vec4 v0x12d6605e0_0;
    %parti/s 1, 15, 5;
    %flag_set/vec4 8;
    %jmp/0xz  T_0.18, 8;
    %pushi/vec4 8, 0, 23;
    %store/vec4 v0x12d660800_0, 0, 23;
    %jmp T_0.19;
T_0.18 ;
    %load/vec4 v0x12d6605e0_0;
    %parti/s 1, 14, 5;
    %flag_set/vec4 8;
    %jmp/0xz  T_0.20, 8;
    %pushi/vec4 9, 0, 23;
    %store/vec4 v0x12d660800_0, 0, 23;
    %jmp T_0.21;
T_0.20 ;
    %load/vec4 v0x12d6605e0_0;
    %parti/s 1, 13, 5;
    %flag_set/vec4 8;
    %jmp/0xz  T_0.22, 8;
    %pushi/vec4 10, 0, 23;
    %store/vec4 v0x12d660800_0, 0, 23;
    %jmp T_0.23;
T_0.22 ;
    %load/vec4 v0x12d6605e0_0;
    %parti/s 1, 12, 5;
    %flag_set/vec4 8;
    %jmp/0xz  T_0.24, 8;
    %pushi/vec4 11, 0, 23;
    %store/vec4 v0x12d660800_0, 0, 23;
    %jmp T_0.25;
T_0.24 ;
    %load/vec4 v0x12d6605e0_0;
    %parti/s 1, 11, 5;
    %flag_set/vec4 8;
    %jmp/0xz  T_0.26, 8;
    %pushi/vec4 12, 0, 23;
    %store/vec4 v0x12d660800_0, 0, 23;
    %jmp T_0.27;
T_0.26 ;
    %load/vec4 v0x12d6605e0_0;
    %parti/s 1, 10, 5;
    %flag_set/vec4 8;
    %jmp/0xz  T_0.28, 8;
    %pushi/vec4 13, 0, 23;
    %store/vec4 v0x12d660800_0, 0, 23;
    %jmp T_0.29;
T_0.28 ;
    %load/vec4 v0x12d6605e0_0;
    %parti/s 1, 9, 5;
    %flag_set/vec4 8;
    %jmp/0xz  T_0.30, 8;
    %pushi/vec4 14, 0, 23;
    %store/vec4 v0x12d660800_0, 0, 23;
    %jmp T_0.31;
T_0.30 ;
    %load/vec4 v0x12d6605e0_0;
    %parti/s 1, 8, 5;
    %flag_set/vec4 8;
    %jmp/0xz  T_0.32, 8;
    %pushi/vec4 15, 0, 23;
    %store/vec4 v0x12d660800_0, 0, 23;
    %jmp T_0.33;
T_0.32 ;
    %load/vec4 v0x12d6605e0_0;
    %parti/s 1, 7, 4;
    %flag_set/vec4 8;
    %jmp/0xz  T_0.34, 8;
    %pushi/vec4 16, 0, 23;
    %store/vec4 v0x12d660800_0, 0, 23;
    %jmp T_0.35;
T_0.34 ;
    %load/vec4 v0x12d6605e0_0;
    %parti/s 1, 6, 4;
    %flag_set/vec4 8;
    %jmp/0xz  T_0.36, 8;
    %pushi/vec4 17, 0, 23;
    %store/vec4 v0x12d660800_0, 0, 23;
    %jmp T_0.37;
T_0.36 ;
    %load/vec4 v0x12d6605e0_0;
    %parti/s 1, 5, 4;
    %flag_set/vec4 8;
    %jmp/0xz  T_0.38, 8;
    %pushi/vec4 18, 0, 23;
    %store/vec4 v0x12d660800_0, 0, 23;
    %jmp T_0.39;
T_0.38 ;
    %load/vec4 v0x12d6605e0_0;
    %parti/s 1, 4, 4;
    %flag_set/vec4 8;
    %jmp/0xz  T_0.40, 8;
    %pushi/vec4 19, 0, 23;
    %store/vec4 v0x12d660800_0, 0, 23;
    %jmp T_0.41;
T_0.40 ;
    %load/vec4 v0x12d6605e0_0;
    %parti/s 1, 3, 3;
    %flag_set/vec4 8;
    %jmp/0xz  T_0.42, 8;
    %pushi/vec4 20, 0, 23;
    %store/vec4 v0x12d660800_0, 0, 23;
    %jmp T_0.43;
T_0.42 ;
    %load/vec4 v0x12d6605e0_0;
    %parti/s 1, 2, 3;
    %flag_set/vec4 8;
    %jmp/0xz  T_0.44, 8;
    %pushi/vec4 21, 0, 23;
    %store/vec4 v0x12d660800_0, 0, 23;
    %jmp T_0.45;
T_0.44 ;
    %load/vec4 v0x12d6605e0_0;
    %parti/s 1, 1, 2;
    %flag_set/vec4 8;
    %jmp/0xz  T_0.46, 8;
    %pushi/vec4 22, 0, 23;
    %store/vec4 v0x12d660800_0, 0, 23;
    %jmp T_0.47;
T_0.46 ;
    %load/vec4 v0x12d6605e0_0;
    %parti/s 1, 0, 2;
    %flag_set/vec4 8;
    %jmp/0xz  T_0.48, 8;
    %pushi/vec4 23, 0, 23;
    %store/vec4 v0x12d660800_0, 0, 23;
    %jmp T_0.49;
T_0.48 ;
    %pushi/vec4 24, 0, 23;
    %store/vec4 v0x12d660800_0, 0, 23;
T_0.49 ;
T_0.47 ;
T_0.45 ;
T_0.43 ;
T_0.41 ;
T_0.39 ;
T_0.37 ;
T_0.35 ;
T_0.33 ;
T_0.31 ;
T_0.29 ;
T_0.27 ;
T_0.25 ;
T_0.23 ;
T_0.21 ;
T_0.19 ;
T_0.17 ;
T_0.15 ;
T_0.13 ;
T_0.11 ;
T_0.9 ;
T_0.7 ;
T_0.5 ;
T_0.3 ;
T_0.1 ;
    %jmp T_0;
    .thread T_0, $push;
    .scope S_0x12d660260;
T_1 ;
    %wait E_0x12d660490;
    %load/vec4 v0x12d660800_0;
    %pad/u 32;
    %cmpi/e 24, 0, 32;
    %jmp/0xz  T_1.0, 4;
    %pushi/vec4 0, 0, 23;
    %store/vec4 v0x12d660750_0, 0, 23;
    %pushi/vec4 0, 0, 8;
    %store/vec4 v0x12d660690_0, 0, 8;
    %jmp T_1.1;
T_1.0 ;
    %load/vec4 v0x12d660800_0;
    %pad/u 32;
    %cmpi/e 25, 0, 32;
    %jmp/0xz  T_1.2, 4;
    %load/vec4 v0x12d6605e0_0;
    %parti/s 23, 1, 2;
    %store/vec4 v0x12d660750_0, 0, 23;
    %load/vec4 v0x12d660520_0;
    %addi 1, 0, 8;
    %store/vec4 v0x12d660690_0, 0, 8;
    %jmp T_1.3;
T_1.2 ;
    %load/vec4 v0x12d6605e0_0;
    %ix/getv 4, v0x12d660800_0;
    %shiftl 4;
    %pad/u 23;
    %store/vec4 v0x12d660750_0, 0, 23;
    %load/vec4 v0x12d660520_0;
    %pad/u 23;
    %load/vec4 v0x12d660800_0;
    %sub;
    %pad/u 8;
    %store/vec4 v0x12d660690_0, 0, 8;
T_1.3 ;
T_1.1 ;
    %jmp T_1;
    .thread T_1, $push;
    .scope S_0x12d65fe10;
T_2 ;
    %wait E_0x12d652030;
    %load/vec4 v0x12d661630_0;
    %cmpi/e 1, 0, 1;
    %jmp/0xz  T_2.0, 4;
    %pushi/vec4 0, 0, 32;
    %assign/vec4 v0x12d660930_0, 0;
    %pushi/vec4 0, 0, 32;
    %assign/vec4 v0x12d6609f0_0, 0;
    %pushi/vec4 0, 0, 32;
    %assign/vec4 v0x12d661350_0, 0;
    %jmp T_2.1;
T_2.0 ;
    %load/vec4 v0x12d6613e0_0;
    %assign/vec4 v0x12d660930_0, 0;
    %load/vec4 v0x12d661480_0;
    %assign/vec4 v0x12d6609f0_0, 0;
    %load/vec4 v0x12d6616e0_0;
    %assign/vec4 v0x12d661350_0, 0;
T_2.1 ;
    %jmp T_2;
    .thread T_2;
    .scope S_0x12d65fe10;
T_3 ;
    %wait E_0x12d660200;
    %load/vec4 v0x12d660930_0;
    %parti/s 8, 23, 6;
    %store/vec4 v0x12d661890_0, 0, 8;
    %load/vec4 v0x12d6609f0_0;
    %parti/s 8, 23, 6;
    %store/vec4 v0x12d661920_0, 0, 8;
    %load/vec4 v0x12d660930_0;
    %parti/s 23, 0, 2;
    %store/vec4 v0x12d6619b0_0, 0, 23;
    %load/vec4 v0x12d6609f0_0;
    %parti/s 23, 0, 2;
    %store/vec4 v0x12d661a50_0, 0, 23;
    %load/vec4 v0x12d661920_0;
    %load/vec4 v0x12d661890_0;
    %cmp/u;
    %flag_mov 8, 5;
    %load/vec4 v0x12d661890_0;
    %load/vec4 v0x12d661920_0;
    %cmp/e;
    %flag_get/vec4 4;
    %load/vec4 v0x12d661a50_0;
    %load/vec4 v0x12d6619b0_0;
    %cmp/u;
    %flag_get/vec4 4;
    %flag_get/vec4 5;
    %or;
    %and;
    %flag_set/vec4 9;
    %flag_or 9, 8;
    %jmp/0xz  T_3.0, 9;
    %load/vec4 v0x12d660930_0;
    %parti/s 1, 31, 6;
    %store/vec4 v0x12d661770_0, 0, 1;
    %load/vec4 v0x12d6609f0_0;
    %parti/s 1, 31, 6;
    %store/vec4 v0x12d661800_0, 0, 1;
    %load/vec4 v0x12d660930_0;
    %parti/s 8, 23, 6;
    %store/vec4 v0x12d660d70_0, 0, 8;
    %load/vec4 v0x12d6609f0_0;
    %parti/s 8, 23, 6;
    %store/vec4 v0x12d660e10_0, 0, 8;
    %pushi/vec4 1, 0, 2;
    %load/vec4 v0x12d660930_0;
    %parti/s 23, 0, 2;
    %concat/vec4; draw_concat_vec4
    %store/vec4 v0x12d660ec0_0, 0, 25;
    %pushi/vec4 1, 0, 2;
    %load/vec4 v0x12d6609f0_0;
    %parti/s 23, 0, 2;
    %concat/vec4; draw_concat_vec4
    %store/vec4 v0x12d660ff0_0, 0, 25;
    %jmp T_3.1;
T_3.0 ;
    %load/vec4 v0x12d6609f0_0;
    %parti/s 1, 31, 6;
    %store/vec4 v0x12d661770_0, 0, 1;
    %load/vec4 v0x12d660930_0;
    %parti/s 1, 31, 6;
    %store/vec4 v0x12d661800_0, 0, 1;
    %load/vec4 v0x12d6609f0_0;
    %parti/s 8, 23, 6;
    %store/vec4 v0x12d660d70_0, 0, 8;
    %load/vec4 v0x12d660930_0;
    %parti/s 8, 23, 6;
    %store/vec4 v0x12d660e10_0, 0, 8;
    %pushi/vec4 1, 0, 2;
    %load/vec4 v0x12d6609f0_0;
    %parti/s 23, 0, 2;
    %concat/vec4; draw_concat_vec4
    %store/vec4 v0x12d660ec0_0, 0, 25;
    %pushi/vec4 1, 0, 2;
    %load/vec4 v0x12d660930_0;
    %parti/s 23, 0, 2;
    %concat/vec4; draw_concat_vec4
    %store/vec4 v0x12d660ff0_0, 0, 25;
T_3.1 ;
    %jmp T_3;
    .thread T_3, $push;
    .scope S_0x12d65fe10;
T_4 ;
    %wait E_0x12d6601b0;
    %load/vec4 v0x12d660ff0_0;
    %load/vec4 v0x12d660d70_0;
    %load/vec4 v0x12d660e10_0;
    %sub;
    %ix/vec4 4;
    %shiftr 4;
    %store/vec4 v0x12d6610a0_0, 0, 25;
    %jmp T_4;
    .thread T_4, $push;
    .scope S_0x12d65fe10;
T_5 ;
    %wait E_0x12d660160;
    %load/vec4 v0x12d661770_0;
    %load/vec4 v0x12d661800_0;
    %cmp/e;
    %jmp/0xz  T_5.0, 4;
    %load/vec4 v0x12d660ec0_0;
    %load/vec4 v0x12d6610a0_0;
    %add;
    %store/vec4 v0x12d661150_0, 0, 25;
    %jmp T_5.1;
T_5.0 ;
    %load/vec4 v0x12d660ec0_0;
    %load/vec4 v0x12d6610a0_0;
    %sub;
    %store/vec4 v0x12d661150_0, 0, 25;
T_5.1 ;
    %jmp T_5;
    .thread T_5, $push;
    .scope S_0x12d65fe10;
T_6 ;
    %wait E_0x12d660100;
    %load/vec4 v0x12d660d70_0;
    %load/vec4 v0x12d660e10_0;
    %cmp/e;
    %flag_get/vec4 4;
    %load/vec4 v0x12d661150_0;
    %pad/u 32;
    %pushi/vec4 0, 0, 32;
    %cmp/e;
    %flag_get/vec4 4;
    %and;
    %load/vec4 v0x12d661770_0;
    %load/vec4 v0x12d661800_0;
    %cmp/ne;
    %flag_get/vec4 4;
    %and;
    %flag_set/vec4 8;
    %jmp/0xz  T_6.0, 8;
    %pushi/vec4 0, 0, 8;
    %store/vec4 v0x12d660ce0_0, 0, 8;
    %jmp T_6.1;
T_6.0 ;
    %load/vec4 v0x12d660d70_0;
    %store/vec4 v0x12d660ce0_0, 0, 8;
T_6.1 ;
    %jmp T_6;
    .thread T_6, $push;
    .scope S_0x12d65fe10;
T_7 ;
    %wait E_0x12d652030;
    %load/vec4 v0x12d661630_0;
    %cmpi/e 1, 0, 1;
    %jmp/0xz  T_7.0, 4;
    %pushi/vec4 0, 0, 25;
    %assign/vec4 v0x12d660b60_0, 0;
    %pushi/vec4 0, 0, 8;
    %assign/vec4 v0x12d660a90_0, 0;
    %jmp T_7.1;
T_7.0 ;
    %load/vec4 v0x12d661150_0;
    %assign/vec4 v0x12d660b60_0, 0;
    %load/vec4 v0x12d660ce0_0;
    %assign/vec4 v0x12d660a90_0, 0;
T_7.1 ;
    %jmp T_7;
    .thread T_7;
    .scope S_0x12d65fe10;
T_8 ;
    %wait E_0x12d660090;
    %load/vec4 v0x12d660930_0;
    %cmpi/e 0, 0, 32;
    %jmp/0xz  T_8.0, 4;
    %load/vec4 v0x12d6609f0_0;
    %store/vec4 v0x12d6616e0_0, 0, 32;
    %jmp T_8.1;
T_8.0 ;
    %load/vec4 v0x12d6609f0_0;
    %cmpi/e 0, 0, 32;
    %jmp/0xz  T_8.2, 4;
    %load/vec4 v0x12d660930_0;
    %store/vec4 v0x12d6616e0_0, 0, 32;
    %jmp T_8.3;
T_8.2 ;
    %load/vec4 v0x12d661150_0;
    %pad/u 32;
    %pushi/vec4 0, 0, 32;
    %cmp/e;
    %flag_get/vec4 4;
    %load/vec4 v0x12d660ce0_0;
    %pad/u 32;
    %pushi/vec4 0, 0, 32;
    %cmp/e;
    %flag_get/vec4 4;
    %and;
    %flag_set/vec4 8;
    %jmp/0xz  T_8.4, 8;
    %pushi/vec4 0, 0, 32;
    %store/vec4 v0x12d6616e0_0, 0, 32;
    %jmp T_8.5;
T_8.4 ;
    %load/vec4 v0x12d661770_0;
    %load/vec4 v0x12d661200_0;
    %concat/vec4; draw_concat_vec4
    %load/vec4 v0x12d6612c0_0;
    %concat/vec4; draw_concat_vec4
    %store/vec4 v0x12d6616e0_0, 0, 32;
T_8.5 ;
T_8.3 ;
T_8.1 ;
    %jmp T_8;
    .thread T_8, $push;
    .scope S_0x12d61bf20;
T_9 ;
    %wait E_0x12d652030;
    %load/vec4 v0x12d65fd30_0;
    %flag_set/vec4 8;
    %jmp/0xz  T_9.0, 8;
    %pushi/vec4 31, 0, 5;
    %assign/vec4 v0x12d65fb90_0, 0;
    %jmp T_9.1;
T_9.0 ;
    %load/vec4 v0x12d65fc80_0;
    %assign/vec4 v0x12d65fb90_0, 0;
T_9.1 ;
    %jmp T_9;
    .thread T_9;
    .scope S_0x12d61bf20;
T_10 ;
    %wait E_0x12d651f50;
    %load/vec4 v0x12d65fb90_0;
    %cmpi/e 31, 0, 5;
    %jmp/0xz  T_10.0, 4;
    %pushi/vec4 0, 0, 1;
    %store/vec4 v0x12d65f9a0_0, 0, 1;
    %pushi/vec4 1, 0, 1;
    %store/vec4 v0x12d65fa40_0, 0, 1;
    %jmp T_10.1;
T_10.0 ;
    %load/vec4 v0x12d65fb90_0;
    %cmpi/e 15, 0, 5;
    %jmp/0xz  T_10.2, 4;
    %pushi/vec4 1, 0, 1;
    %store/vec4 v0x12d65fa40_0, 0, 1;
    %pushi/vec4 0, 0, 1;
    %store/vec4 v0x12d65f9a0_0, 0, 1;
    %jmp T_10.3;
T_10.2 ;
    %pushi/vec4 1, 0, 1;
    %store/vec4 v0x12d65f9a0_0, 0, 1;
    %pushi/vec4 1, 0, 1;
    %store/vec4 v0x12d65fa40_0, 0, 1;
T_10.3 ;
T_10.1 ;
    %jmp T_10;
    .thread T_10, $push;
    .scope S_0x12d661df0;
T_11 ;
    %wait E_0x12d662000;
    %load/vec4 v0x12d662110_0;
    %dup/vec4;
    %pushi/vec4 0, 0, 4;
    %cmp/u;
    %jmp/1 T_11.0, 6;
    %dup/vec4;
    %pushi/vec4 1, 0, 4;
    %cmp/u;
    %jmp/1 T_11.1, 6;
    %dup/vec4;
    %pushi/vec4 2, 0, 4;
    %cmp/u;
    %jmp/1 T_11.2, 6;
    %dup/vec4;
    %pushi/vec4 3, 0, 4;
    %cmp/u;
    %jmp/1 T_11.3, 6;
    %dup/vec4;
    %pushi/vec4 4, 0, 4;
    %cmp/u;
    %jmp/1 T_11.4, 6;
    %dup/vec4;
    %pushi/vec4 5, 0, 4;
    %cmp/u;
    %jmp/1 T_11.5, 6;
    %dup/vec4;
    %pushi/vec4 6, 0, 4;
    %cmp/u;
    %jmp/1 T_11.6, 6;
    %dup/vec4;
    %pushi/vec4 7, 0, 4;
    %cmp/u;
    %jmp/1 T_11.7, 6;
    %dup/vec4;
    %pushi/vec4 8, 0, 4;
    %cmp/u;
    %jmp/1 T_11.8, 6;
    %dup/vec4;
    %pushi/vec4 9, 0, 4;
    %cmp/u;
    %jmp/1 T_11.9, 6;
    %dup/vec4;
    %pushi/vec4 10, 0, 4;
    %cmp/u;
    %jmp/1 T_11.10, 6;
    %dup/vec4;
    %pushi/vec4 11, 0, 4;
    %cmp/u;
    %jmp/1 T_11.11, 6;
    %dup/vec4;
    %pushi/vec4 12, 0, 4;
    %cmp/u;
    %jmp/1 T_11.12, 6;
    %dup/vec4;
    %pushi/vec4 13, 0, 4;
    %cmp/u;
    %jmp/1 T_11.13, 6;
    %dup/vec4;
    %pushi/vec4 14, 0, 4;
    %cmp/u;
    %jmp/1 T_11.14, 6;
    %dup/vec4;
    %pushi/vec4 15, 0, 4;
    %cmp/u;
    %jmp/1 T_11.15, 6;
    %jmp T_11.16;
T_11.0 ;
    %pushi/vec4 252, 0, 8;
    %store/vec4 v0x12d662050_0, 0, 8;
    %jmp T_11.16;
T_11.1 ;
    %pushi/vec4 96, 0, 8;
    %store/vec4 v0x12d662050_0, 0, 8;
    %jmp T_11.16;
T_11.2 ;
    %pushi/vec4 218, 0, 8;
    %store/vec4 v0x12d662050_0, 0, 8;
    %jmp T_11.16;
T_11.3 ;
    %pushi/vec4 242, 0, 8;
    %store/vec4 v0x12d662050_0, 0, 8;
    %jmp T_11.16;
T_11.4 ;
    %pushi/vec4 102, 0, 8;
    %store/vec4 v0x12d662050_0, 0, 8;
    %jmp T_11.16;
T_11.5 ;
    %pushi/vec4 182, 0, 8;
    %store/vec4 v0x12d662050_0, 0, 8;
    %jmp T_11.16;
T_11.6 ;
    %pushi/vec4 190, 0, 8;
    %store/vec4 v0x12d662050_0, 0, 8;
    %jmp T_11.16;
T_11.7 ;
    %pushi/vec4 224, 0, 8;
    %store/vec4 v0x12d662050_0, 0, 8;
    %jmp T_11.16;
T_11.8 ;
    %pushi/vec4 254, 0, 8;
    %store/vec4 v0x12d662050_0, 0, 8;
    %jmp T_11.16;
T_11.9 ;
    %pushi/vec4 246, 0, 8;
    %store/vec4 v0x12d662050_0, 0, 8;
    %jmp T_11.16;
T_11.10 ;
    %pushi/vec4 238, 0, 8;
    %store/vec4 v0x12d662050_0, 0, 8;
    %jmp T_11.16;
T_11.11 ;
    %pushi/vec4 62, 0, 8;
    %store/vec4 v0x12d662050_0, 0, 8;
    %jmp T_11.16;
T_11.12 ;
    %pushi/vec4 156, 0, 8;
    %store/vec4 v0x12d662050_0, 0, 8;
    %jmp T_11.16;
T_11.13 ;
    %pushi/vec4 122, 0, 8;
    %store/vec4 v0x12d662050_0, 0, 8;
    %jmp T_11.16;
T_11.14 ;
    %pushi/vec4 158, 0, 8;
    %store/vec4 v0x12d662050_0, 0, 8;
    %jmp T_11.16;
T_11.15 ;
    %pushi/vec4 142, 0, 8;
    %store/vec4 v0x12d662050_0, 0, 8;
    %jmp T_11.16;
T_11.16 ;
    %pop/vec4 1;
    %jmp T_11;
    .thread T_11, $push;
    .scope S_0x12d6621f0;
T_12 ;
    %wait E_0x12d6623e0;
    %load/vec4 v0x12d6624f0_0;
    %dup/vec4;
    %pushi/vec4 0, 0, 4;
    %cmp/u;
    %jmp/1 T_12.0, 6;
    %dup/vec4;
    %pushi/vec4 1, 0, 4;
    %cmp/u;
    %jmp/1 T_12.1, 6;
    %dup/vec4;
    %pushi/vec4 2, 0, 4;
    %cmp/u;
    %jmp/1 T_12.2, 6;
    %dup/vec4;
    %pushi/vec4 3, 0, 4;
    %cmp/u;
    %jmp/1 T_12.3, 6;
    %dup/vec4;
    %pushi/vec4 4, 0, 4;
    %cmp/u;
    %jmp/1 T_12.4, 6;
    %dup/vec4;
    %pushi/vec4 5, 0, 4;
    %cmp/u;
    %jmp/1 T_12.5, 6;
    %dup/vec4;
    %pushi/vec4 6, 0, 4;
    %cmp/u;
    %jmp/1 T_12.6, 6;
    %dup/vec4;
    %pushi/vec4 7, 0, 4;
    %cmp/u;
    %jmp/1 T_12.7, 6;
    %dup/vec4;
    %pushi/vec4 8, 0, 4;
    %cmp/u;
    %jmp/1 T_12.8, 6;
    %dup/vec4;
    %pushi/vec4 9, 0, 4;
    %cmp/u;
    %jmp/1 T_12.9, 6;
    %dup/vec4;
    %pushi/vec4 10, 0, 4;
    %cmp/u;
    %jmp/1 T_12.10, 6;
    %dup/vec4;
    %pushi/vec4 11, 0, 4;
    %cmp/u;
    %jmp/1 T_12.11, 6;
    %dup/vec4;
    %pushi/vec4 12, 0, 4;
    %cmp/u;
    %jmp/1 T_12.12, 6;
    %dup/vec4;
    %pushi/vec4 13, 0, 4;
    %cmp/u;
    %jmp/1 T_12.13, 6;
    %dup/vec4;
    %pushi/vec4 14, 0, 4;
    %cmp/u;
    %jmp/1 T_12.14, 6;
    %dup/vec4;
    %pushi/vec4 15, 0, 4;
    %cmp/u;
    %jmp/1 T_12.15, 6;
    %jmp T_12.16;
T_12.0 ;
    %pushi/vec4 252, 0, 8;
    %store/vec4 v0x12d662430_0, 0, 8;
    %jmp T_12.16;
T_12.1 ;
    %pushi/vec4 96, 0, 8;
    %store/vec4 v0x12d662430_0, 0, 8;
    %jmp T_12.16;
T_12.2 ;
    %pushi/vec4 218, 0, 8;
    %store/vec4 v0x12d662430_0, 0, 8;
    %jmp T_12.16;
T_12.3 ;
    %pushi/vec4 242, 0, 8;
    %store/vec4 v0x12d662430_0, 0, 8;
    %jmp T_12.16;
T_12.4 ;
    %pushi/vec4 102, 0, 8;
    %store/vec4 v0x12d662430_0, 0, 8;
    %jmp T_12.16;
T_12.5 ;
    %pushi/vec4 182, 0, 8;
    %store/vec4 v0x12d662430_0, 0, 8;
    %jmp T_12.16;
T_12.6 ;
    %pushi/vec4 190, 0, 8;
    %store/vec4 v0x12d662430_0, 0, 8;
    %jmp T_12.16;
T_12.7 ;
    %pushi/vec4 224, 0, 8;
    %store/vec4 v0x12d662430_0, 0, 8;
    %jmp T_12.16;
T_12.8 ;
    %pushi/vec4 254, 0, 8;
    %store/vec4 v0x12d662430_0, 0, 8;
    %jmp T_12.16;
T_12.9 ;
    %pushi/vec4 246, 0, 8;
    %store/vec4 v0x12d662430_0, 0, 8;
    %jmp T_12.16;
T_12.10 ;
    %pushi/vec4 238, 0, 8;
    %store/vec4 v0x12d662430_0, 0, 8;
    %jmp T_12.16;
T_12.11 ;
    %pushi/vec4 62, 0, 8;
    %store/vec4 v0x12d662430_0, 0, 8;
    %jmp T_12.16;
T_12.12 ;
    %pushi/vec4 156, 0, 8;
    %store/vec4 v0x12d662430_0, 0, 8;
    %jmp T_12.16;
T_12.13 ;
    %pushi/vec4 122, 0, 8;
    %store/vec4 v0x12d662430_0, 0, 8;
    %jmp T_12.16;
T_12.14 ;
    %pushi/vec4 158, 0, 8;
    %store/vec4 v0x12d662430_0, 0, 8;
    %jmp T_12.16;
T_12.15 ;
    %pushi/vec4 142, 0, 8;
    %store/vec4 v0x12d662430_0, 0, 8;
    %jmp T_12.16;
T_12.16 ;
    %pop/vec4 1;
    %jmp T_12;
    .thread T_12, $push;
    .scope S_0x12d661b80;
T_13 ;
    %wait E_0x12d661dc0;
    %load/vec4 v0x12d662680_0;
    %pad/u 32;
    %cmpi/e 0, 0, 32;
    %jmp/0xz  T_13.0, 4;
    %load/vec4 v0x12d662a20_0;
    %store/vec4 v0x12d6625d0_0, 0, 8;
    %jmp T_13.1;
T_13.0 ;
    %load/vec4 v0x12d662740_0;
    %pad/u 32;
    %cmpi/e 0, 0, 32;
    %jmp/0xz  T_13.2, 4;
    %load/vec4 v0x12d662ad0_0;
    %store/vec4 v0x12d6625d0_0, 0, 8;
    %jmp T_13.3;
T_13.2 ;
    %pushi/vec4 255, 0, 8;
    %store/vec4 v0x12d6625d0_0, 0, 8;
T_13.3 ;
T_13.1 ;
    %jmp T_13;
    .thread T_13, $push;
    .scope S_0x12d662de0;
T_14 ;
    %wait E_0x12d662ff0;
    %load/vec4 v0x12d663100_0;
    %dup/vec4;
    %pushi/vec4 0, 0, 4;
    %cmp/u;
    %jmp/1 T_14.0, 6;
    %dup/vec4;
    %pushi/vec4 1, 0, 4;
    %cmp/u;
    %jmp/1 T_14.1, 6;
    %dup/vec4;
    %pushi/vec4 2, 0, 4;
    %cmp/u;
    %jmp/1 T_14.2, 6;
    %dup/vec4;
    %pushi/vec4 3, 0, 4;
    %cmp/u;
    %jmp/1 T_14.3, 6;
    %dup/vec4;
    %pushi/vec4 4, 0, 4;
    %cmp/u;
    %jmp/1 T_14.4, 6;
    %dup/vec4;
    %pushi/vec4 5, 0, 4;
    %cmp/u;
    %jmp/1 T_14.5, 6;
    %dup/vec4;
    %pushi/vec4 6, 0, 4;
    %cmp/u;
    %jmp/1 T_14.6, 6;
    %dup/vec4;
    %pushi/vec4 7, 0, 4;
    %cmp/u;
    %jmp/1 T_14.7, 6;
    %dup/vec4;
    %pushi/vec4 8, 0, 4;
    %cmp/u;
    %jmp/1 T_14.8, 6;
    %dup/vec4;
    %pushi/vec4 9, 0, 4;
    %cmp/u;
    %jmp/1 T_14.9, 6;
    %dup/vec4;
    %pushi/vec4 10, 0, 4;
    %cmp/u;
    %jmp/1 T_14.10, 6;
    %dup/vec4;
    %pushi/vec4 11, 0, 4;
    %cmp/u;
    %jmp/1 T_14.11, 6;
    %dup/vec4;
    %pushi/vec4 12, 0, 4;
    %cmp/u;
    %jmp/1 T_14.12, 6;
    %dup/vec4;
    %pushi/vec4 13, 0, 4;
    %cmp/u;
    %jmp/1 T_14.13, 6;
    %dup/vec4;
    %pushi/vec4 14, 0, 4;
    %cmp/u;
    %jmp/1 T_14.14, 6;
    %dup/vec4;
    %pushi/vec4 15, 0, 4;
    %cmp/u;
    %jmp/1 T_14.15, 6;
    %jmp T_14.16;
T_14.0 ;
    %pushi/vec4 252, 0, 8;
    %store/vec4 v0x12d663040_0, 0, 8;
    %jmp T_14.16;
T_14.1 ;
    %pushi/vec4 96, 0, 8;
    %store/vec4 v0x12d663040_0, 0, 8;
    %jmp T_14.16;
T_14.2 ;
    %pushi/vec4 218, 0, 8;
    %store/vec4 v0x12d663040_0, 0, 8;
    %jmp T_14.16;
T_14.3 ;
    %pushi/vec4 242, 0, 8;
    %store/vec4 v0x12d663040_0, 0, 8;
    %jmp T_14.16;
T_14.4 ;
    %pushi/vec4 102, 0, 8;
    %store/vec4 v0x12d663040_0, 0, 8;
    %jmp T_14.16;
T_14.5 ;
    %pushi/vec4 182, 0, 8;
    %store/vec4 v0x12d663040_0, 0, 8;
    %jmp T_14.16;
T_14.6 ;
    %pushi/vec4 190, 0, 8;
    %store/vec4 v0x12d663040_0, 0, 8;
    %jmp T_14.16;
T_14.7 ;
    %pushi/vec4 224, 0, 8;
    %store/vec4 v0x12d663040_0, 0, 8;
    %jmp T_14.16;
T_14.8 ;
    %pushi/vec4 254, 0, 8;
    %store/vec4 v0x12d663040_0, 0, 8;
    %jmp T_14.16;
T_14.9 ;
    %pushi/vec4 246, 0, 8;
    %store/vec4 v0x12d663040_0, 0, 8;
    %jmp T_14.16;
T_14.10 ;
    %pushi/vec4 238, 0, 8;
    %store/vec4 v0x12d663040_0, 0, 8;
    %jmp T_14.16;
T_14.11 ;
    %pushi/vec4 62, 0, 8;
    %store/vec4 v0x12d663040_0, 0, 8;
    %jmp T_14.16;
T_14.12 ;
    %pushi/vec4 156, 0, 8;
    %store/vec4 v0x12d663040_0, 0, 8;
    %jmp T_14.16;
T_14.13 ;
    %pushi/vec4 122, 0, 8;
    %store/vec4 v0x12d663040_0, 0, 8;
    %jmp T_14.16;
T_14.14 ;
    %pushi/vec4 158, 0, 8;
    %store/vec4 v0x12d663040_0, 0, 8;
    %jmp T_14.16;
T_14.15 ;
    %pushi/vec4 142, 0, 8;
    %store/vec4 v0x12d663040_0, 0, 8;
    %jmp T_14.16;
T_14.16 ;
    %pop/vec4 1;
    %jmp T_14;
    .thread T_14, $push;
    .scope S_0x12d6631e0;
T_15 ;
    %wait E_0x12d6633d0;
    %load/vec4 v0x12d6634e0_0;
    %dup/vec4;
    %pushi/vec4 0, 0, 4;
    %cmp/u;
    %jmp/1 T_15.0, 6;
    %dup/vec4;
    %pushi/vec4 1, 0, 4;
    %cmp/u;
    %jmp/1 T_15.1, 6;
    %dup/vec4;
    %pushi/vec4 2, 0, 4;
    %cmp/u;
    %jmp/1 T_15.2, 6;
    %dup/vec4;
    %pushi/vec4 3, 0, 4;
    %cmp/u;
    %jmp/1 T_15.3, 6;
    %dup/vec4;
    %pushi/vec4 4, 0, 4;
    %cmp/u;
    %jmp/1 T_15.4, 6;
    %dup/vec4;
    %pushi/vec4 5, 0, 4;
    %cmp/u;
    %jmp/1 T_15.5, 6;
    %dup/vec4;
    %pushi/vec4 6, 0, 4;
    %cmp/u;
    %jmp/1 T_15.6, 6;
    %dup/vec4;
    %pushi/vec4 7, 0, 4;
    %cmp/u;
    %jmp/1 T_15.7, 6;
    %dup/vec4;
    %pushi/vec4 8, 0, 4;
    %cmp/u;
    %jmp/1 T_15.8, 6;
    %dup/vec4;
    %pushi/vec4 9, 0, 4;
    %cmp/u;
    %jmp/1 T_15.9, 6;
    %dup/vec4;
    %pushi/vec4 10, 0, 4;
    %cmp/u;
    %jmp/1 T_15.10, 6;
    %dup/vec4;
    %pushi/vec4 11, 0, 4;
    %cmp/u;
    %jmp/1 T_15.11, 6;
    %dup/vec4;
    %pushi/vec4 12, 0, 4;
    %cmp/u;
    %jmp/1 T_15.12, 6;
    %dup/vec4;
    %pushi/vec4 13, 0, 4;
    %cmp/u;
    %jmp/1 T_15.13, 6;
    %dup/vec4;
    %pushi/vec4 14, 0, 4;
    %cmp/u;
    %jmp/1 T_15.14, 6;
    %dup/vec4;
    %pushi/vec4 15, 0, 4;
    %cmp/u;
    %jmp/1 T_15.15, 6;
    %jmp T_15.16;
T_15.0 ;
    %pushi/vec4 252, 0, 8;
    %store/vec4 v0x12d663420_0, 0, 8;
    %jmp T_15.16;
T_15.1 ;
    %pushi/vec4 96, 0, 8;
    %store/vec4 v0x12d663420_0, 0, 8;
    %jmp T_15.16;
T_15.2 ;
    %pushi/vec4 218, 0, 8;
    %store/vec4 v0x12d663420_0, 0, 8;
    %jmp T_15.16;
T_15.3 ;
    %pushi/vec4 242, 0, 8;
    %store/vec4 v0x12d663420_0, 0, 8;
    %jmp T_15.16;
T_15.4 ;
    %pushi/vec4 102, 0, 8;
    %store/vec4 v0x12d663420_0, 0, 8;
    %jmp T_15.16;
T_15.5 ;
    %pushi/vec4 182, 0, 8;
    %store/vec4 v0x12d663420_0, 0, 8;
    %jmp T_15.16;
T_15.6 ;
    %pushi/vec4 190, 0, 8;
    %store/vec4 v0x12d663420_0, 0, 8;
    %jmp T_15.16;
T_15.7 ;
    %pushi/vec4 224, 0, 8;
    %store/vec4 v0x12d663420_0, 0, 8;
    %jmp T_15.16;
T_15.8 ;
    %pushi/vec4 254, 0, 8;
    %store/vec4 v0x12d663420_0, 0, 8;
    %jmp T_15.16;
T_15.9 ;
    %pushi/vec4 246, 0, 8;
    %store/vec4 v0x12d663420_0, 0, 8;
    %jmp T_15.16;
T_15.10 ;
    %pushi/vec4 238, 0, 8;
    %store/vec4 v0x12d663420_0, 0, 8;
    %jmp T_15.16;
T_15.11 ;
    %pushi/vec4 62, 0, 8;
    %store/vec4 v0x12d663420_0, 0, 8;
    %jmp T_15.16;
T_15.12 ;
    %pushi/vec4 156, 0, 8;
    %store/vec4 v0x12d663420_0, 0, 8;
    %jmp T_15.16;
T_15.13 ;
    %pushi/vec4 122, 0, 8;
    %store/vec4 v0x12d663420_0, 0, 8;
    %jmp T_15.16;
T_15.14 ;
    %pushi/vec4 158, 0, 8;
    %store/vec4 v0x12d663420_0, 0, 8;
    %jmp T_15.16;
T_15.15 ;
    %pushi/vec4 142, 0, 8;
    %store/vec4 v0x12d663420_0, 0, 8;
    %jmp T_15.16;
T_15.16 ;
    %pop/vec4 1;
    %jmp T_15;
    .thread T_15, $push;
    .scope S_0x12d662bc0;
T_16 ;
    %wait E_0x12d661dc0;
    %load/vec4 v0x12d663670_0;
    %pad/u 32;
    %cmpi/e 0, 0, 32;
    %jmp/0xz  T_16.0, 4;
    %load/vec4 v0x12d663a30_0;
    %store/vec4 v0x12d6635c0_0, 0, 8;
    %jmp T_16.1;
T_16.0 ;
    %load/vec4 v0x12d663750_0;
    %pad/u 32;
    %cmpi/e 0, 0, 32;
    %jmp/0xz  T_16.2, 4;
    %load/vec4 v0x12d663ae0_0;
    %store/vec4 v0x12d6635c0_0, 0, 8;
    %jmp T_16.3;
T_16.2 ;
    %pushi/vec4 255, 0, 8;
    %store/vec4 v0x12d6635c0_0, 0, 8;
T_16.3 ;
T_16.1 ;
    %jmp T_16;
    .thread T_16, $push;
    .scope S_0x12d64dad0;
T_17 ;
    %pushi/vec4 0, 0, 1;
    %store/vec4 v0x12d665320_0, 0, 1;
    %pushi/vec4 0, 0, 1;
    %store/vec4 v0x12d665be0_0, 0, 1;
    %delay 20000, 0;
    %pushi/vec4 1, 0, 1;
    %store/vec4 v0x12d665be0_0, 0, 1;
    %delay 20000, 0;
    %pushi/vec4 0, 0, 1;
    %store/vec4 v0x12d665be0_0, 0, 1;
    %vpi_call 2 33 "$display", "Starting testbench" {0 0 0};
    %delay 20000, 0;
    %vpi_call 2 34 "$display", "LED values: %b %b %b %b %b %b %b %b", v0x12d663bd0_0, v0x12d663e40_0, v0x12d663fb0_0, v0x12d664380_0, v0x12d6644a0_0, v0x12d6645c0_0, v0x12d6649e0_0, v0x12d6647f0_0 {0 0 0};
    %vpi_call 2 35 "$display", "LED values: %b", v0x12d665b50_0 {0 0 0};
    %delay 200000, 0;
    %vpi_call 2 36 "$finish" {0 0 0};
    %end;
    .thread T_17;
    .scope S_0x12d64dad0;
T_18 ;
    %delay 10000, 0;
    %load/vec4 v0x12d665320_0;
    %inv;
    %store/vec4 v0x12d665320_0, 0, 1;
    %jmp T_18;
    .thread T_18;
# The file index is used to find the file name in the following table.
:file_names 8;
    "N/A";
    "<interactive>";
    "testbench.v";
    "fpadd_system.v";
    "anodeDriver.v";
    "fpadd_pipelined.v";
    "fp_normalizer.v";
    "sevenSegDispDriver.v";
